[0.950s] DEBUG:colcon:Command line arguments: ['/usr/bin/colcon', 'build']
[0.950s] DEBUG:colcon:Parsed command line arguments: Namespace(allow_overriding=[], ament_cmake_args=None, base_paths=['.'], build_base='build', catkin_cmake_args=None, catkin_skip_building_tests=False, cmake_args=None, cmake_clean_cache=False, cmake_clean_first=False, cmake_force_configure=False, cmake_target=None, cmake_target_skip_unavailable=False, continue_on_error=False, event_handlers=None, executor='parallel', ignore_user_meta=False, install_base='install', log_base=None, log_level=None, main=<bound method BuildVerb.main of <colcon_core.verb.build.BuildVerb object at 0x7f6a034ecd30>>, merge_install=False, metas=['./colcon.meta'], mixin=None, mixin_files=None, mixin_verb=('build',), packages_above=None, packages_above_and_dependencies=None, packages_above_depth=None, packages_end=None, packages_ignore=None, packages_ignore_regex=None, packages_select=None, packages_select_build_failed=False, packages_select_by_dep=None, packages_select_regex=None, packages_select_test_failures=False, packages_skip=None, packages_skip_build_finished=False, packages_skip_by_dep=None, packages_skip_regex=None, packages_skip_test_passed=False, packages_skip_up_to=None, packages_start=None, packages_up_to=None, packages_up_to_regex=None, parallel_workers=2, paths=None, symlink_install=False, test_result_base=None, verb_extension=<colcon_core.verb.build.BuildVerb object at 0x7f6a034ecd30>, verb_name='build', verb_parser=<colcon_mixin.mixin.mixin_argument.MixinArgumentDecorator object at 0x7f6a034c6550>)
[1.615s] Level 1:colcon.colcon_core.package_discovery:discover_packages(colcon_meta) check parameters
[1.615s] Level 1:colcon.colcon_core.package_discovery:discover_packages(recursive) check parameters
[1.615s] Level 1:colcon.colcon_core.package_discovery:discover_packages(ignore) check parameters
[1.615s] Level 1:colcon.colcon_core.package_discovery:discover_packages(path) check parameters
[1.615s] Level 1:colcon.colcon_core.package_discovery:discover_packages(colcon_meta) discover
[1.616s] Level 1:colcon.colcon_core.package_discovery:discover_packages(recursive) discover
[1.616s] INFO:colcon.colcon_core.package_discovery:Crawling recursively for packages in '/home/metheuser/ROS/Learning/ROS2/cpp_ws'
[1.616s] Level 1:colcon.colcon_core.package_identification:_identify(.) by extensions ['ignore', 'ignore_ament_install']
[1.616s] Level 1:colcon.colcon_core.package_identification:_identify(.) by extension 'ignore'
[1.617s] Level 1:colcon.colcon_core.package_identification:_identify(.) by extension 'ignore_ament_install'
[1.617s] Level 1:colcon.colcon_core.package_identification:_identify(.) by extensions ['colcon_pkg']
[1.617s] Level 1:colcon.colcon_core.package_identification:_identify(.) by extension 'colcon_pkg'
[1.617s] Level 1:colcon.colcon_core.package_identification:_identify(.) by extensions ['colcon_meta']
[1.617s] Level 1:colcon.colcon_core.package_identification:_identify(.) by extension 'colcon_meta'
[1.617s] Level 1:colcon.colcon_core.package_identification:_identify(.) by extensions ['ros']
[1.618s] Level 1:colcon.colcon_core.package_identification:_identify(.) by extension 'ros'
[1.666s] Level 1:colcon.colcon_core.package_identification:_identify(.) by extensions ['cmake', 'python']
[1.666s] Level 1:colcon.colcon_core.package_identification:_identify(.) by extension 'cmake'
[1.667s] Level 1:colcon.colcon_core.package_identification:_identify(.) by extension 'python'
[1.667s] Level 1:colcon.colcon_core.package_identification:_identify(.) by extensions ['python_setup_py']
[1.667s] Level 1:colcon.colcon_core.package_identification:_identify(.) by extension 'python_setup_py'
[1.667s] Level 1:colcon.colcon_core.package_identification:_identify(build) by extensions ['ignore', 'ignore_ament_install']
[1.667s] Level 1:colcon.colcon_core.package_identification:_identify(build) by extension 'ignore'
[1.668s] Level 1:colcon.colcon_core.package_identification:_identify(build) ignored
[1.668s] Level 1:colcon.colcon_core.package_identification:_identify(install) by extensions ['ignore', 'ignore_ament_install']
[1.669s] Level 1:colcon.colcon_core.package_identification:_identify(install) by extension 'ignore'
[1.669s] Level 1:colcon.colcon_core.package_identification:_identify(install) ignored
[1.669s] Level 1:colcon.colcon_core.package_identification:_identify(log) by extensions ['ignore', 'ignore_ament_install']
[1.669s] Level 1:colcon.colcon_core.package_identification:_identify(log) by extension 'ignore'
[1.670s] Level 1:colcon.colcon_core.package_identification:_identify(log) ignored
[1.670s] Level 1:colcon.colcon_core.package_identification:_identify(src) by extensions ['ignore', 'ignore_ament_install']
[1.670s] Level 1:colcon.colcon_core.package_identification:_identify(src) by extension 'ignore'
[1.670s] Level 1:colcon.colcon_core.package_identification:_identify(src) by extension 'ignore_ament_install'
[1.671s] Level 1:colcon.colcon_core.package_identification:_identify(src) by extensions ['colcon_pkg']
[1.671s] Level 1:colcon.colcon_core.package_identification:_identify(src) by extension 'colcon_pkg'
[1.671s] Level 1:colcon.colcon_core.package_identification:_identify(src) by extensions ['colcon_meta']
[1.671s] Level 1:colcon.colcon_core.package_identification:_identify(src) by extension 'colcon_meta'
[1.671s] Level 1:colcon.colcon_core.package_identification:_identify(src) by extensions ['ros']
[1.671s] Level 1:colcon.colcon_core.package_identification:_identify(src) by extension 'ros'
[1.672s] Level 1:colcon.colcon_core.package_identification:_identify(src) by extensions ['cmake', 'python']
[1.672s] Level 1:colcon.colcon_core.package_identification:_identify(src) by extension 'cmake'
[1.672s] Level 1:colcon.colcon_core.package_identification:_identify(src) by extension 'python'
[1.672s] Level 1:colcon.colcon_core.package_identification:_identify(src) by extensions ['python_setup_py']
[1.672s] Level 1:colcon.colcon_core.package_identification:_identify(src) by extension 'python_setup_py'
[1.673s] Level 1:colcon.colcon_core.package_identification:_identify(src/cpp_service) by extensions ['ignore', 'ignore_ament_install']
[1.673s] Level 1:colcon.colcon_core.package_identification:_identify(src/cpp_service) by extension 'ignore'
[1.673s] Level 1:colcon.colcon_core.package_identification:_identify(src/cpp_service) by extension 'ignore_ament_install'
[1.673s] Level 1:colcon.colcon_core.package_identification:_identify(src/cpp_service) by extensions ['colcon_pkg']
[1.673s] Level 1:colcon.colcon_core.package_identification:_identify(src/cpp_service) by extension 'colcon_pkg'
[1.674s] Level 1:colcon.colcon_core.package_identification:_identify(src/cpp_service) by extensions ['colcon_meta']
[1.674s] Level 1:colcon.colcon_core.package_identification:_identify(src/cpp_service) by extension 'colcon_meta'
[1.674s] Level 1:colcon.colcon_core.package_identification:_identify(src/cpp_service) by extensions ['ros']
[1.674s] Level 1:colcon.colcon_core.package_identification:_identify(src/cpp_service) by extension 'ros'
[1.684s] DEBUG:colcon.colcon_core.package_identification:Package 'src/cpp_service' with type 'ros.ament_cmake' and name 'cpp_service'
[1.684s] Level 1:colcon.colcon_core.package_discovery:discover_packages(recursive) using defaults
[1.684s] Level 1:colcon.colcon_core.package_discovery:discover_packages(ignore) discover
[1.684s] Level 1:colcon.colcon_core.package_discovery:discover_packages(ignore) using defaults
[1.684s] Level 1:colcon.colcon_core.package_discovery:discover_packages(path) discover
[1.684s] Level 1:colcon.colcon_core.package_discovery:discover_packages(path) using defaults
[1.762s] Level 1:colcon.colcon_core.package_discovery:discover_packages(prefix_path) check parameters
[1.762s] Level 1:colcon.colcon_core.package_discovery:discover_packages(prefix_path) discover
[1.778s] DEBUG:colcon.colcon_installed_package_information.package_discovery:Found 263 installed packages in /opt/ros/foxy
[1.789s] Level 1:colcon.colcon_core.package_discovery:discover_packages(prefix_path) using defaults
[2.104s] Level 5:colcon.colcon_core.verb:set package 'cpp_service' build argument 'cmake_args' from command line to 'None'
[2.105s] Level 5:colcon.colcon_core.verb:set package 'cpp_service' build argument 'cmake_target' from command line to 'None'
[2.105s] Level 5:colcon.colcon_core.verb:set package 'cpp_service' build argument 'cmake_target_skip_unavailable' from command line to 'False'
[2.105s] Level 5:colcon.colcon_core.verb:set package 'cpp_service' build argument 'cmake_clean_cache' from command line to 'False'
[2.105s] Level 5:colcon.colcon_core.verb:set package 'cpp_service' build argument 'cmake_clean_first' from command line to 'False'
[2.105s] Level 5:colcon.colcon_core.verb:set package 'cpp_service' build argument 'cmake_force_configure' from command line to 'False'
[2.105s] Level 5:colcon.colcon_core.verb:set package 'cpp_service' build argument 'ament_cmake_args' from command line to 'None'
[2.105s] Level 5:colcon.colcon_core.verb:set package 'cpp_service' build argument 'catkin_cmake_args' from command line to 'None'
[2.105s] Level 5:colcon.colcon_core.verb:set package 'cpp_service' build argument 'catkin_skip_building_tests' from command line to 'False'
[2.106s] DEBUG:colcon.colcon_core.verb:Building package 'cpp_service' with the following arguments: {'ament_cmake_args': None, 'build_base': '/home/metheuser/ROS/Learning/ROS2/cpp_ws/build/cpp_service', 'catkin_cmake_args': None, 'catkin_skip_building_tests': False, 'cmake_args': None, 'cmake_clean_cache': False, 'cmake_clean_first': False, 'cmake_force_configure': False, 'cmake_target': None, 'cmake_target_skip_unavailable': False, 'install_base': '/home/metheuser/ROS/Learning/ROS2/cpp_ws/install/cpp_service', 'merge_install': False, 'path': '/home/metheuser/ROS/Learning/ROS2/cpp_ws/src/cpp_service', 'symlink_install': False, 'test_result_base': None}
[2.106s] INFO:colcon.colcon_core.executor:Executing jobs using 'parallel' executor
[2.110s] DEBUG:colcon.colcon_parallel_executor.executor.parallel:run_until_complete
[2.110s] INFO:colcon.colcon_ros.task.ament_cmake.build:Building ROS package in '/home/metheuser/ROS/Learning/ROS2/cpp_ws/src/cpp_service' with build type 'ament_cmake'
[2.110s] INFO:colcon.colcon_cmake.task.cmake.build:Building CMake package in '/home/metheuser/ROS/Learning/ROS2/cpp_ws/src/cpp_service'
[2.118s] INFO:colcon.colcon_core.plugin_system:Skipping extension 'colcon_core.shell.bat': Not used on non-Windows systems
[2.118s] INFO:colcon.colcon_core.shell:Skip shell extension 'powershell' for command environment: Not usable outside of PowerShell
[2.119s] DEBUG:colcon.colcon_core.shell:Skip shell extension 'dsv' for command environment
[2.197s] DEBUG:colcon.colcon_core.event_handler.log_command:Invoking command in '/home/metheuser/ROS/Learning/ROS2/cpp_ws/build/cpp_service': CMAKE_PREFIX_PATH=/opt/ros/foxy /usr/bin/cmake /home/metheuser/ROS/Learning/ROS2/cpp_ws/src/cpp_service -DCMAKE_INSTALL_PREFIX=/home/metheuser/ROS/Learning/ROS2/cpp_ws/install/cpp_service
[7.796s] DEBUG:colcon.colcon_core.event_handler.log_command:Invoked command in '/home/metheuser/ROS/Learning/ROS2/cpp_ws/build/cpp_service' returned '0': CMAKE_PREFIX_PATH=/opt/ros/foxy /usr/bin/cmake /home/metheuser/ROS/Learning/ROS2/cpp_ws/src/cpp_service -DCMAKE_INSTALL_PREFIX=/home/metheuser/ROS/Learning/ROS2/cpp_ws/install/cpp_service
[7.800s] DEBUG:colcon.colcon_core.event_handler.log_command:Invoking command in '/home/metheuser/ROS/Learning/ROS2/cpp_ws/build/cpp_service': CMAKE_PREFIX_PATH=/opt/ros/foxy /usr/bin/cmake --build /home/metheuser/ROS/Learning/ROS2/cpp_ws/build/cpp_service -- -j2 -l2
[25.617s] DEBUG:colcon.colcon_core.event_handler.log_command:Invoked command in '/home/metheuser/ROS/Learning/ROS2/cpp_ws/build/cpp_service' returned '0': CMAKE_PREFIX_PATH=/opt/ros/foxy /usr/bin/cmake --build /home/metheuser/ROS/Learning/ROS2/cpp_ws/build/cpp_service -- -j2 -l2
[25.779s] DEBUG:colcon.colcon_core.event_handler.log_command:Invoking command in '/home/metheuser/ROS/Learning/ROS2/cpp_ws/build/cpp_service': CMAKE_PREFIX_PATH=/opt/ros/foxy /usr/bin/cmake --install /home/metheuser/ROS/Learning/ROS2/cpp_ws/build/cpp_service
[25.841s] Level 1:colcon.colcon_core.environment:create_environment_scripts_only(cpp_service)
[25.845s] DEBUG:colcon.colcon_core.event_handler.log_command:Invoked command in '/home/metheuser/ROS/Learning/ROS2/cpp_ws/build/cpp_service' returned '0': CMAKE_PREFIX_PATH=/opt/ros/foxy /usr/bin/cmake --install /home/metheuser/ROS/Learning/ROS2/cpp_ws/build/cpp_service
[25.853s] Level 1:colcon.colcon_core.environment:checking '/home/metheuser/ROS/Learning/ROS2/cpp_ws/install/cpp_service' for CMake module files
[25.856s] Level 1:colcon.colcon_core.environment:checking '/home/metheuser/ROS/Learning/ROS2/cpp_ws/install/cpp_service' for CMake config files
[25.857s] Level 1:colcon.colcon_core.shell:create_environment_hook('cpp_service', 'cmake_prefix_path')
[25.858s] INFO:colcon.colcon_core.shell:Creating environment hook '/home/metheuser/ROS/Learning/ROS2/cpp_ws/install/cpp_service/share/cpp_service/hook/cmake_prefix_path.ps1'
[25.861s] INFO:colcon.colcon_core.shell:Creating environment descriptor '/home/metheuser/ROS/Learning/ROS2/cpp_ws/install/cpp_service/share/cpp_service/hook/cmake_prefix_path.dsv'
[25.862s] INFO:colcon.colcon_core.shell:Creating environment hook '/home/metheuser/ROS/Learning/ROS2/cpp_ws/install/cpp_service/share/cpp_service/hook/cmake_prefix_path.sh'
[25.865s] Level 1:colcon.colcon_core.environment:checking '/home/metheuser/ROS/Learning/ROS2/cpp_ws/install/cpp_service/lib'
[25.866s] Level 1:colcon.colcon_core.environment:checking '/home/metheuser/ROS/Learning/ROS2/cpp_ws/install/cpp_service/bin'
[25.866s] Level 1:colcon.colcon_core.environment:checking '/home/metheuser/ROS/Learning/ROS2/cpp_ws/install/cpp_service/lib/pkgconfig/cpp_service.pc'
[25.867s] Level 1:colcon.colcon_core.environment:checking '/home/metheuser/ROS/Learning/ROS2/cpp_ws/install/cpp_service/lib/python3.8/site-packages'
[25.869s] Level 1:colcon.colcon_core.environment:checking '/home/metheuser/ROS/Learning/ROS2/cpp_ws/install/cpp_service/bin'
[25.871s] INFO:colcon.colcon_core.shell:Creating package script '/home/metheuser/ROS/Learning/ROS2/cpp_ws/install/cpp_service/share/cpp_service/package.ps1'
[25.875s] INFO:colcon.colcon_core.shell:Creating package descriptor '/home/metheuser/ROS/Learning/ROS2/cpp_ws/install/cpp_service/share/cpp_service/package.dsv'
[25.878s] INFO:colcon.colcon_core.shell:Creating package script '/home/metheuser/ROS/Learning/ROS2/cpp_ws/install/cpp_service/share/cpp_service/package.sh'
[25.881s] INFO:colcon.colcon_core.shell:Creating package script '/home/metheuser/ROS/Learning/ROS2/cpp_ws/install/cpp_service/share/cpp_service/package.bash'
[25.885s] INFO:colcon.colcon_core.shell:Creating package script '/home/metheuser/ROS/Learning/ROS2/cpp_ws/install/cpp_service/share/cpp_service/package.zsh'
[25.891s] Level 1:colcon.colcon_core.environment:create_file_with_runtime_dependencies(/home/metheuser/ROS/Learning/ROS2/cpp_ws/install/cpp_service/share/colcon-core/packages/cpp_service)
[26.003s] Level 1:colcon.colcon_core.environment:create_environment_scripts_only(cpp_service)
[26.004s] Level 1:colcon.colcon_core.environment:checking '/home/metheuser/ROS/Learning/ROS2/cpp_ws/install/cpp_service' for CMake module files
[26.007s] Level 1:colcon.colcon_core.environment:checking '/home/metheuser/ROS/Learning/ROS2/cpp_ws/install/cpp_service' for CMake config files
[26.008s] Level 1:colcon.colcon_core.shell:create_environment_hook('cpp_service', 'cmake_prefix_path')
[26.009s] INFO:colcon.colcon_core.shell:Creating environment hook '/home/metheuser/ROS/Learning/ROS2/cpp_ws/install/cpp_service/share/cpp_service/hook/cmake_prefix_path.ps1'
[26.011s] INFO:colcon.colcon_core.shell:Creating environment descriptor '/home/metheuser/ROS/Learning/ROS2/cpp_ws/install/cpp_service/share/cpp_service/hook/cmake_prefix_path.dsv'
[26.012s] INFO:colcon.colcon_core.shell:Creating environment hook '/home/metheuser/ROS/Learning/ROS2/cpp_ws/install/cpp_service/share/cpp_service/hook/cmake_prefix_path.sh'
[26.014s] Level 1:colcon.colcon_core.environment:checking '/home/metheuser/ROS/Learning/ROS2/cpp_ws/install/cpp_service/lib'
[26.014s] Level 1:colcon.colcon_core.environment:checking '/home/metheuser/ROS/Learning/ROS2/cpp_ws/install/cpp_service/bin'
[26.015s] Level 1:colcon.colcon_core.environment:checking '/home/metheuser/ROS/Learning/ROS2/cpp_ws/install/cpp_service/lib/pkgconfig/cpp_service.pc'
[26.016s] Level 1:colcon.colcon_core.environment:checking '/home/metheuser/ROS/Learning/ROS2/cpp_ws/install/cpp_service/lib/python3.8/site-packages'
[26.017s] Level 1:colcon.colcon_core.environment:checking '/home/metheuser/ROS/Learning/ROS2/cpp_ws/install/cpp_service/bin'
[26.019s] INFO:colcon.colcon_core.shell:Creating package script '/home/metheuser/ROS/Learning/ROS2/cpp_ws/install/cpp_service/share/cpp_service/package.ps1'
[26.021s] INFO:colcon.colcon_core.shell:Creating package descriptor '/home/metheuser/ROS/Learning/ROS2/cpp_ws/install/cpp_service/share/cpp_service/package.dsv'
[26.023s] INFO:colcon.colcon_core.shell:Creating package script '/home/metheuser/ROS/Learning/ROS2/cpp_ws/install/cpp_service/share/cpp_service/package.sh'
[26.024s] INFO:colcon.colcon_core.shell:Creating package script '/home/metheuser/ROS/Learning/ROS2/cpp_ws/install/cpp_service/share/cpp_service/package.bash'
[26.026s] INFO:colcon.colcon_core.shell:Creating package script '/home/metheuser/ROS/Learning/ROS2/cpp_ws/install/cpp_service/share/cpp_service/package.zsh'
[26.028s] Level 1:colcon.colcon_core.environment:create_file_with_runtime_dependencies(/home/metheuser/ROS/Learning/ROS2/cpp_ws/install/cpp_service/share/colcon-core/packages/cpp_service)
[26.029s] DEBUG:colcon.colcon_parallel_executor.executor.parallel:closing loop
[26.030s] DEBUG:colcon.colcon_parallel_executor.executor.parallel:loop closed
[26.030s] DEBUG:colcon.colcon_parallel_executor.executor.parallel:run_until_complete finished with '0'
[26.030s] DEBUG:colcon.colcon_core.event_reactor:joining thread
[26.061s] INFO:colcon.colcon_core.plugin_system:Skipping extension 'colcon_notification.desktop_notification.terminal_notifier': Not used on non-Darwin systems
[26.061s] INFO:colcon.colcon_core.plugin_system:Skipping extension 'colcon_notification.desktop_notification.win32': Not used on non-Windows systems
[26.061s] INFO:colcon.colcon_notification.desktop_notification:Sending desktop notification using 'notify2'
[26.160s] DEBUG:colcon.colcon_core.event_reactor:joined thread
[26.162s] INFO:colcon.colcon_core.shell:Creating prefix script '/home/metheuser/ROS/Learning/ROS2/cpp_ws/install/local_setup.ps1'
[26.166s] INFO:colcon.colcon_core.shell:Creating prefix util module '/home/metheuser/ROS/Learning/ROS2/cpp_ws/install/_local_setup_util_ps1.py'
[26.175s] INFO:colcon.colcon_core.shell:Creating prefix chain script '/home/metheuser/ROS/Learning/ROS2/cpp_ws/install/setup.ps1'
[26.181s] INFO:colcon.colcon_core.shell:Creating prefix script '/home/metheuser/ROS/Learning/ROS2/cpp_ws/install/local_setup.sh'
[26.184s] INFO:colcon.colcon_core.shell:Creating prefix util module '/home/metheuser/ROS/Learning/ROS2/cpp_ws/install/_local_setup_util_sh.py'
[26.187s] INFO:colcon.colcon_core.shell:Creating prefix chain script '/home/metheuser/ROS/Learning/ROS2/cpp_ws/install/setup.sh'
[26.194s] INFO:colcon.colcon_core.shell:Creating prefix script '/home/metheuser/ROS/Learning/ROS2/cpp_ws/install/local_setup.bash'
[26.203s] INFO:colcon.colcon_core.shell:Creating prefix chain script '/home/metheuser/ROS/Learning/ROS2/cpp_ws/install/setup.bash'
[26.211s] INFO:colcon.colcon_core.shell:Creating prefix script '/home/metheuser/ROS/Learning/ROS2/cpp_ws/install/local_setup.zsh'
[26.214s] INFO:colcon.colcon_core.shell:Creating prefix chain script '/home/metheuser/ROS/Learning/ROS2/cpp_ws/install/setup.zsh'
