[0.136s] Invoking command in '/home/metheuser/ROS/Learning/ROS2/ros2_cpp_ws/build/my_cpp_pkg': CMAKE_PREFIX_PATH=/opt/ros/foxy /usr/bin/cmake /home/metheuser/ROS/Learning/ROS2/ros2_cpp_ws/src/my_cpp_pkg -DCMAKE_INSTALL_PREFIX=/home/metheuser/ROS/Learning/ROS2/ros2_cpp_ws/install/my_cpp_pkg
[0.924s] -- The C compiler identification is GNU 9.4.0
[1.561s] -- The CXX compiler identification is GNU 9.4.0
[1.616s] -- Check for working C compiler: /usr/bin/cc
[2.055s] -- Check for working C compiler: /usr/bin/cc -- works
[2.071s] -- Detecting C compiler ABI info
[2.489s] -- Detecting C compiler ABI info - done
[2.612s] -- Detecting C compile features
[2.616s] -- Detecting C compile features - done
[2.630s] -- Check for working CXX compiler: /usr/bin/c++
[3.139s] -- Check for working CXX compiler: /usr/bin/c++ -- works
[3.144s] -- Detecting CXX compiler ABI info
[3.706s] -- Detecting CXX compiler ABI info - done
[3.839s] -- Detecting CXX compile features
[3.844s] -- Detecting CXX compile features - done
[3.871s] -- Found ament_cmake: 0.9.12 (/opt/ros/foxy/share/ament_cmake/cmake)
[4.027s] -- Found PythonInterp: /usr/bin/python3 (found suitable version "3.8.10", minimum required is "3") 
[4.028s] -- Using PYTHON_EXECUTABLE: /usr/bin/python3
[5.279s] -- Found rclcpp: 2.4.3 (/opt/ros/foxy/share/rclcpp/cmake)
[5.645s] -- Using all available rosidl_typesupport_c: rosidl_typesupport_fastrtps_c;rosidl_typesupport_introspection_c
[5.699s] -- Found rosidl_adapter: 1.3.1 (/opt/ros/foxy/share/rosidl_adapter/cmake)
[6.253s] -- Found OpenSSL: /usr/lib/x86_64-linux-gnu/libcrypto.so (found version "1.1.1f")  
[6.538s] -- Found FastRTPS: /opt/ros/foxy/include  
[7.224s] -- Using all available rosidl_typesupport_cpp: rosidl_typesupport_fastrtps_cpp;rosidl_typesupport_introspection_cpp
[7.845s] -- Found rmw_implementation_cmake: 1.0.4 (/opt/ros/foxy/share/rmw_implementation_cmake/cmake)
[7.861s] -- Using RMW implementation 'rmw_fastrtps_cpp' as default
[7.871s] -- Looking for pthread.h
[8.396s] -- Looking for pthread.h - found
[8.399s] -- Performing Test CMAKE_HAVE_LIBC_PTHREAD
[8.896s] -- Performing Test CMAKE_HAVE_LIBC_PTHREAD - Failed
[8.898s] -- Looking for pthread_create in pthreads
[9.284s] -- Looking for pthread_create in pthreads - not found
[9.284s] -- Looking for pthread_create in pthread
[9.759s] -- Looking for pthread_create in pthread - found
[9.769s] -- Found Threads: TRUE  
[11.668s] -- Found geometry_msgs: 2.0.5 (/opt/ros/foxy/share/geometry_msgs/cmake)
[12.111s] -- Found ament_lint_auto: 0.9.8 (/opt/ros/foxy/share/ament_lint_auto/cmake)
[12.621s] -- Added test 'copyright' to check source files copyright and LICENSE
[12.629s] -- Added test 'cppcheck' to perform static code analysis on C / C++ code
[12.631s] -- Configured cppcheck include dirs: 
[12.632s] -- Configured cppcheck exclude dirs and/or files: 
[12.638s] -- Added test 'cpplint' to check C / C++ code against the Google style
[12.638s] -- Configured cpplint exclude dirs and/or files: 
[12.644s] -- Added test 'lint_cmake' to check CMake code style
[12.652s] -- Added test 'uncrustify' to check C / C++ code style
[12.653s] -- Configured uncrustify additional arguments: 
[12.657s] -- Added test 'xmllint' to check XML markup files
[12.680s] -- Configuring done
[12.777s] -- Generating done
[12.792s] -- Build files have been written to: /home/metheuser/ROS/Learning/ROS2/ros2_cpp_ws/build/my_cpp_pkg
[12.832s] Invoked command in '/home/metheuser/ROS/Learning/ROS2/ros2_cpp_ws/build/my_cpp_pkg' returned '0': CMAKE_PREFIX_PATH=/opt/ros/foxy /usr/bin/cmake /home/metheuser/ROS/Learning/ROS2/ros2_cpp_ws/src/my_cpp_pkg -DCMAKE_INSTALL_PREFIX=/home/metheuser/ROS/Learning/ROS2/ros2_cpp_ws/install/my_cpp_pkg
[12.850s] Invoking command in '/home/metheuser/ROS/Learning/ROS2/ros2_cpp_ws/build/my_cpp_pkg': CMAKE_PREFIX_PATH=/opt/ros/foxy /usr/bin/cmake --build /home/metheuser/ROS/Learning/ROS2/ros2_cpp_ws/build/my_cpp_pkg -- -j2 -l2
[13.084s] [35m[1mScanning dependencies of target pub_node[0m
[13.115s] [35m[1mScanning dependencies of target sub_node[0m
[13.752s] [ 25%] [32mBuilding CXX object CMakeFiles/pub_node.dir/src/pub_node.cpp.o[0m
[13.806s] [ 50%] [32mBuilding CXX object CMakeFiles/sub_node.dir/src/sub_node.cpp.o[0m
[42.667s] [ 75%] [32m[1mLinking CXX executable pub_node[0m
[44.287s] [ 75%] Built target pub_node
[55.656s] [100%] [32m[1mLinking CXX executable sub_node[0m
[57.523s] [100%] Built target sub_node
[57.673s] Invoked command in '/home/metheuser/ROS/Learning/ROS2/ros2_cpp_ws/build/my_cpp_pkg' returned '0': CMAKE_PREFIX_PATH=/opt/ros/foxy /usr/bin/cmake --build /home/metheuser/ROS/Learning/ROS2/ros2_cpp_ws/build/my_cpp_pkg -- -j2 -l2
[57.916s] Invoking command in '/home/metheuser/ROS/Learning/ROS2/ros2_cpp_ws/build/my_cpp_pkg': CMAKE_PREFIX_PATH=/opt/ros/foxy /usr/bin/cmake --install /home/metheuser/ROS/Learning/ROS2/ros2_cpp_ws/build/my_cpp_pkg
[57.978s] -- Install configuration: ""
[57.979s] -- Installing: /home/metheuser/ROS/Learning/ROS2/ros2_cpp_ws/install/my_cpp_pkg/lib/my_cpp_pkg/pub_node
[57.987s] -- Set runtime path of "/home/metheuser/ROS/Learning/ROS2/ros2_cpp_ws/install/my_cpp_pkg/lib/my_cpp_pkg/pub_node" to ""
[57.988s] -- Installing: /home/metheuser/ROS/Learning/ROS2/ros2_cpp_ws/install/my_cpp_pkg/lib/my_cpp_pkg/sub_node
[58.001s] -- Set runtime path of "/home/metheuser/ROS/Learning/ROS2/ros2_cpp_ws/install/my_cpp_pkg/lib/my_cpp_pkg/sub_node" to ""
[58.002s] -- Installing: /home/metheuser/ROS/Learning/ROS2/ros2_cpp_ws/install/my_cpp_pkg/share/ament_index/resource_index/package_run_dependencies/my_cpp_pkg
[58.003s] -- Installing: /home/metheuser/ROS/Learning/ROS2/ros2_cpp_ws/install/my_cpp_pkg/share/ament_index/resource_index/parent_prefix_path/my_cpp_pkg
[58.005s] -- Installing: /home/metheuser/ROS/Learning/ROS2/ros2_cpp_ws/install/my_cpp_pkg/share/my_cpp_pkg/environment/ament_prefix_path.sh
[58.005s] -- Installing: /home/metheuser/ROS/Learning/ROS2/ros2_cpp_ws/install/my_cpp_pkg/share/my_cpp_pkg/environment/ament_prefix_path.dsv
[58.006s] -- Installing: /home/metheuser/ROS/Learning/ROS2/ros2_cpp_ws/install/my_cpp_pkg/share/my_cpp_pkg/environment/path.sh
[58.007s] -- Installing: /home/metheuser/ROS/Learning/ROS2/ros2_cpp_ws/install/my_cpp_pkg/share/my_cpp_pkg/environment/path.dsv
[58.008s] -- Installing: /home/metheuser/ROS/Learning/ROS2/ros2_cpp_ws/install/my_cpp_pkg/share/my_cpp_pkg/local_setup.bash
[58.009s] -- Installing: /home/metheuser/ROS/Learning/ROS2/ros2_cpp_ws/install/my_cpp_pkg/share/my_cpp_pkg/local_setup.sh
[58.009s] -- Installing: /home/metheuser/ROS/Learning/ROS2/ros2_cpp_ws/install/my_cpp_pkg/share/my_cpp_pkg/local_setup.zsh
[58.011s] -- Installing: /home/metheuser/ROS/Learning/ROS2/ros2_cpp_ws/install/my_cpp_pkg/share/my_cpp_pkg/local_setup.dsv
[58.011s] -- Installing: /home/metheuser/ROS/Learning/ROS2/ros2_cpp_ws/install/my_cpp_pkg/share/my_cpp_pkg/package.dsv
[58.012s] -- Installing: /home/metheuser/ROS/Learning/ROS2/ros2_cpp_ws/install/my_cpp_pkg/share/ament_index/resource_index/packages/my_cpp_pkg
[58.013s] -- Installing: /home/metheuser/ROS/Learning/ROS2/ros2_cpp_ws/install/my_cpp_pkg/share/my_cpp_pkg/cmake/my_cpp_pkgConfig.cmake
[58.014s] -- Installing: /home/metheuser/ROS/Learning/ROS2/ros2_cpp_ws/install/my_cpp_pkg/share/my_cpp_pkg/cmake/my_cpp_pkgConfig-version.cmake
[58.015s] -- Installing: /home/metheuser/ROS/Learning/ROS2/ros2_cpp_ws/install/my_cpp_pkg/share/my_cpp_pkg/package.xml
[58.026s] Invoked command in '/home/metheuser/ROS/Learning/ROS2/ros2_cpp_ws/build/my_cpp_pkg' returned '0': CMAKE_PREFIX_PATH=/opt/ros/foxy /usr/bin/cmake --install /home/metheuser/ROS/Learning/ROS2/ros2_cpp_ws/build/my_cpp_pkg
