[1.007s] DEBUG:colcon:Command line arguments: ['/usr/bin/colcon', 'build']
[1.008s] DEBUG:colcon:Parsed command line arguments: Namespace(allow_overriding=[], ament_cmake_args=None, base_paths=['.'], build_base='build', catkin_cmake_args=None, catkin_skip_building_tests=False, cmake_args=None, cmake_clean_cache=False, cmake_clean_first=False, cmake_force_configure=False, cmake_target=None, cmake_target_skip_unavailable=False, continue_on_error=False, event_handlers=None, executor='parallel', ignore_user_meta=False, install_base='install', log_base=None, log_level=None, main=<bound method BuildVerb.main of <colcon_core.verb.build.BuildVerb object at 0x7f594b3e5cd0>>, merge_install=False, metas=['./colcon.meta'], mixin=None, mixin_files=None, mixin_verb=('build',), packages_above=None, packages_above_and_dependencies=None, packages_above_depth=None, packages_end=None, packages_ignore=None, packages_ignore_regex=None, packages_select=None, packages_select_build_failed=False, packages_select_by_dep=None, packages_select_regex=None, packages_select_test_failures=False, packages_skip=None, packages_skip_build_finished=False, packages_skip_by_dep=None, packages_skip_regex=None, packages_skip_test_passed=False, packages_skip_up_to=None, packages_start=None, packages_up_to=None, packages_up_to_regex=None, parallel_workers=2, paths=None, symlink_install=False, test_result_base=None, verb_extension=<colcon_core.verb.build.BuildVerb object at 0x7f594b3e5cd0>, verb_name='build', verb_parser=<colcon_mixin.mixin.mixin_argument.MixinArgumentDecorator object at 0x7f594b3b44f0>)
[1.707s] Level 1:colcon.colcon_core.package_discovery:discover_packages(colcon_meta) check parameters
[1.708s] Level 1:colcon.colcon_core.package_discovery:discover_packages(recursive) check parameters
[1.708s] Level 1:colcon.colcon_core.package_discovery:discover_packages(ignore) check parameters
[1.708s] Level 1:colcon.colcon_core.package_discovery:discover_packages(path) check parameters
[1.708s] Level 1:colcon.colcon_core.package_discovery:discover_packages(colcon_meta) discover
[1.708s] Level 1:colcon.colcon_core.package_discovery:discover_packages(recursive) discover
[1.708s] INFO:colcon.colcon_core.package_discovery:Crawling recursively for packages in '/home/metheuser/ROS/Learning/ROS2/ros2_cpp_ws'
[1.709s] Level 1:colcon.colcon_core.package_identification:_identify(.) by extensions ['ignore', 'ignore_ament_install']
[1.709s] Level 1:colcon.colcon_core.package_identification:_identify(.) by extension 'ignore'
[1.709s] Level 1:colcon.colcon_core.package_identification:_identify(.) by extension 'ignore_ament_install'
[1.710s] Level 1:colcon.colcon_core.package_identification:_identify(.) by extensions ['colcon_pkg']
[1.710s] Level 1:colcon.colcon_core.package_identification:_identify(.) by extension 'colcon_pkg'
[1.710s] Level 1:colcon.colcon_core.package_identification:_identify(.) by extensions ['colcon_meta']
[1.710s] Level 1:colcon.colcon_core.package_identification:_identify(.) by extension 'colcon_meta'
[1.710s] Level 1:colcon.colcon_core.package_identification:_identify(.) by extensions ['ros']
[1.710s] Level 1:colcon.colcon_core.package_identification:_identify(.) by extension 'ros'
[1.761s] Level 1:colcon.colcon_core.package_identification:_identify(.) by extensions ['cmake', 'python']
[1.761s] Level 1:colcon.colcon_core.package_identification:_identify(.) by extension 'cmake'
[1.761s] Level 1:colcon.colcon_core.package_identification:_identify(.) by extension 'python'
[1.761s] Level 1:colcon.colcon_core.package_identification:_identify(.) by extensions ['python_setup_py']
[1.761s] Level 1:colcon.colcon_core.package_identification:_identify(.) by extension 'python_setup_py'
[1.762s] Level 1:colcon.colcon_core.package_identification:_identify(build) by extensions ['ignore', 'ignore_ament_install']
[1.762s] Level 1:colcon.colcon_core.package_identification:_identify(build) by extension 'ignore'
[1.762s] Level 1:colcon.colcon_core.package_identification:_identify(build) ignored
[1.763s] Level 1:colcon.colcon_core.package_identification:_identify(install) by extensions ['ignore', 'ignore_ament_install']
[1.763s] Level 1:colcon.colcon_core.package_identification:_identify(install) by extension 'ignore'
[1.763s] Level 1:colcon.colcon_core.package_identification:_identify(install) ignored
[1.764s] Level 1:colcon.colcon_core.package_identification:_identify(log) by extensions ['ignore', 'ignore_ament_install']
[1.764s] Level 1:colcon.colcon_core.package_identification:_identify(log) by extension 'ignore'
[1.764s] Level 1:colcon.colcon_core.package_identification:_identify(log) ignored
[1.764s] Level 1:colcon.colcon_core.package_identification:_identify(src) by extensions ['ignore', 'ignore_ament_install']
[1.765s] Level 1:colcon.colcon_core.package_identification:_identify(src) by extension 'ignore'
[1.765s] Level 1:colcon.colcon_core.package_identification:_identify(src) by extension 'ignore_ament_install'
[1.765s] Level 1:colcon.colcon_core.package_identification:_identify(src) by extensions ['colcon_pkg']
[1.765s] Level 1:colcon.colcon_core.package_identification:_identify(src) by extension 'colcon_pkg'
[1.766s] Level 1:colcon.colcon_core.package_identification:_identify(src) by extensions ['colcon_meta']
[1.766s] Level 1:colcon.colcon_core.package_identification:_identify(src) by extension 'colcon_meta'
[1.766s] Level 1:colcon.colcon_core.package_identification:_identify(src) by extensions ['ros']
[1.766s] Level 1:colcon.colcon_core.package_identification:_identify(src) by extension 'ros'
[1.766s] Level 1:colcon.colcon_core.package_identification:_identify(src) by extensions ['cmake', 'python']
[1.766s] Level 1:colcon.colcon_core.package_identification:_identify(src) by extension 'cmake'
[1.767s] Level 1:colcon.colcon_core.package_identification:_identify(src) by extension 'python'
[1.767s] Level 1:colcon.colcon_core.package_identification:_identify(src) by extensions ['python_setup_py']
[1.767s] Level 1:colcon.colcon_core.package_identification:_identify(src) by extension 'python_setup_py'
[1.767s] Level 1:colcon.colcon_core.package_identification:_identify(src/my_cpp_pkg) by extensions ['ignore', 'ignore_ament_install']
[1.768s] Level 1:colcon.colcon_core.package_identification:_identify(src/my_cpp_pkg) by extension 'ignore'
[1.768s] Level 1:colcon.colcon_core.package_identification:_identify(src/my_cpp_pkg) by extension 'ignore_ament_install'
[1.768s] Level 1:colcon.colcon_core.package_identification:_identify(src/my_cpp_pkg) by extensions ['colcon_pkg']
[1.768s] Level 1:colcon.colcon_core.package_identification:_identify(src/my_cpp_pkg) by extension 'colcon_pkg'
[1.768s] Level 1:colcon.colcon_core.package_identification:_identify(src/my_cpp_pkg) by extensions ['colcon_meta']
[1.768s] Level 1:colcon.colcon_core.package_identification:_identify(src/my_cpp_pkg) by extension 'colcon_meta'
[1.769s] Level 1:colcon.colcon_core.package_identification:_identify(src/my_cpp_pkg) by extensions ['ros']
[1.769s] Level 1:colcon.colcon_core.package_identification:_identify(src/my_cpp_pkg) by extension 'ros'
[1.779s] DEBUG:colcon.colcon_core.package_identification:Package 'src/my_cpp_pkg' with type 'ros.ament_cmake' and name 'my_cpp_pkg'
[1.779s] Level 1:colcon.colcon_core.package_discovery:discover_packages(recursive) using defaults
[1.779s] Level 1:colcon.colcon_core.package_discovery:discover_packages(ignore) discover
[1.780s] Level 1:colcon.colcon_core.package_discovery:discover_packages(ignore) using defaults
[1.780s] Level 1:colcon.colcon_core.package_discovery:discover_packages(path) discover
[1.780s] Level 1:colcon.colcon_core.package_discovery:discover_packages(path) using defaults
[1.849s] Level 1:colcon.colcon_core.package_discovery:discover_packages(prefix_path) check parameters
[1.849s] Level 1:colcon.colcon_core.package_discovery:discover_packages(prefix_path) discover
[1.855s] DEBUG:colcon.colcon_installed_package_information.package_discovery:Found 1 installed packages in /home/metheuser/ROS/Learning/ROS2/ros2_cpp_ws/install
[1.862s] DEBUG:colcon.colcon_installed_package_information.package_discovery:Found 263 installed packages in /opt/ros/foxy
[1.871s] Level 1:colcon.colcon_core.package_discovery:discover_packages(prefix_path) using defaults
[2.218s] Level 5:colcon.colcon_core.verb:set package 'my_cpp_pkg' build argument 'cmake_args' from command line to 'None'
[2.218s] Level 5:colcon.colcon_core.verb:set package 'my_cpp_pkg' build argument 'cmake_target' from command line to 'None'
[2.218s] Level 5:colcon.colcon_core.verb:set package 'my_cpp_pkg' build argument 'cmake_target_skip_unavailable' from command line to 'False'
[2.218s] Level 5:colcon.colcon_core.verb:set package 'my_cpp_pkg' build argument 'cmake_clean_cache' from command line to 'False'
[2.218s] Level 5:colcon.colcon_core.verb:set package 'my_cpp_pkg' build argument 'cmake_clean_first' from command line to 'False'
[2.218s] Level 5:colcon.colcon_core.verb:set package 'my_cpp_pkg' build argument 'cmake_force_configure' from command line to 'False'
[2.218s] Level 5:colcon.colcon_core.verb:set package 'my_cpp_pkg' build argument 'ament_cmake_args' from command line to 'None'
[2.219s] Level 5:colcon.colcon_core.verb:set package 'my_cpp_pkg' build argument 'catkin_cmake_args' from command line to 'None'
[2.219s] Level 5:colcon.colcon_core.verb:set package 'my_cpp_pkg' build argument 'catkin_skip_building_tests' from command line to 'False'
[2.219s] DEBUG:colcon.colcon_core.verb:Building package 'my_cpp_pkg' with the following arguments: {'ament_cmake_args': None, 'build_base': '/home/metheuser/ROS/Learning/ROS2/ros2_cpp_ws/build/my_cpp_pkg', 'catkin_cmake_args': None, 'catkin_skip_building_tests': False, 'cmake_args': None, 'cmake_clean_cache': False, 'cmake_clean_first': False, 'cmake_force_configure': False, 'cmake_target': None, 'cmake_target_skip_unavailable': False, 'install_base': '/home/metheuser/ROS/Learning/ROS2/ros2_cpp_ws/install/my_cpp_pkg', 'merge_install': False, 'path': '/home/metheuser/ROS/Learning/ROS2/ros2_cpp_ws/src/my_cpp_pkg', 'symlink_install': False, 'test_result_base': None}
[2.220s] INFO:colcon.colcon_core.executor:Executing jobs using 'parallel' executor
[2.224s] DEBUG:colcon.colcon_parallel_executor.executor.parallel:run_until_complete
[2.225s] INFO:colcon.colcon_ros.task.ament_cmake.build:Building ROS package in '/home/metheuser/ROS/Learning/ROS2/ros2_cpp_ws/src/my_cpp_pkg' with build type 'ament_cmake'
[2.225s] INFO:colcon.colcon_cmake.task.cmake.build:Building CMake package in '/home/metheuser/ROS/Learning/ROS2/ros2_cpp_ws/src/my_cpp_pkg'
[2.233s] INFO:colcon.colcon_core.plugin_system:Skipping extension 'colcon_core.shell.bat': Not used on non-Windows systems
[2.233s] INFO:colcon.colcon_core.shell:Skip shell extension 'powershell' for command environment: Not usable outside of PowerShell
[2.234s] DEBUG:colcon.colcon_core.shell:Skip shell extension 'dsv' for command environment
[2.328s] DEBUG:colcon.colcon_core.event_handler.log_command:Invoking command in '/home/metheuser/ROS/Learning/ROS2/ros2_cpp_ws/build/my_cpp_pkg': CMAKE_PREFIX_PATH=${CMAKE_PREFIX_PATH}:/opt/ros/foxy /usr/bin/cmake --build /home/metheuser/ROS/Learning/ROS2/ros2_cpp_ws/build/my_cpp_pkg -- -j2 -l2
[34.305s] DEBUG:colcon.colcon_core.event_handler.log_command:Invoked command in '/home/metheuser/ROS/Learning/ROS2/ros2_cpp_ws/build/my_cpp_pkg' returned '0': CMAKE_PREFIX_PATH=${CMAKE_PREFIX_PATH}:/opt/ros/foxy /usr/bin/cmake --build /home/metheuser/ROS/Learning/ROS2/ros2_cpp_ws/build/my_cpp_pkg -- -j2 -l2
[34.523s] DEBUG:colcon.colcon_core.event_handler.log_command:Invoking command in '/home/metheuser/ROS/Learning/ROS2/ros2_cpp_ws/build/my_cpp_pkg': CMAKE_PREFIX_PATH=${CMAKE_PREFIX_PATH}:/opt/ros/foxy /usr/bin/cmake --install /home/metheuser/ROS/Learning/ROS2/ros2_cpp_ws/build/my_cpp_pkg
[34.627s] Level 1:colcon.colcon_core.environment:create_environment_scripts_only(my_cpp_pkg)
[34.631s] DEBUG:colcon.colcon_core.event_handler.log_command:Invoked command in '/home/metheuser/ROS/Learning/ROS2/ros2_cpp_ws/build/my_cpp_pkg' returned '0': CMAKE_PREFIX_PATH=${CMAKE_PREFIX_PATH}:/opt/ros/foxy /usr/bin/cmake --install /home/metheuser/ROS/Learning/ROS2/ros2_cpp_ws/build/my_cpp_pkg
[34.647s] Level 1:colcon.colcon_core.environment:checking '/home/metheuser/ROS/Learning/ROS2/ros2_cpp_ws/install/my_cpp_pkg' for CMake module files
[34.654s] Level 1:colcon.colcon_core.environment:checking '/home/metheuser/ROS/Learning/ROS2/ros2_cpp_ws/install/my_cpp_pkg' for CMake config files
[34.656s] Level 1:colcon.colcon_core.shell:create_environment_hook('my_cpp_pkg', 'cmake_prefix_path')
[34.658s] INFO:colcon.colcon_core.shell:Creating environment hook '/home/metheuser/ROS/Learning/ROS2/ros2_cpp_ws/install/my_cpp_pkg/share/my_cpp_pkg/hook/cmake_prefix_path.ps1'
[34.663s] INFO:colcon.colcon_core.shell:Creating environment descriptor '/home/metheuser/ROS/Learning/ROS2/ros2_cpp_ws/install/my_cpp_pkg/share/my_cpp_pkg/hook/cmake_prefix_path.dsv'
[34.666s] INFO:colcon.colcon_core.shell:Creating environment hook '/home/metheuser/ROS/Learning/ROS2/ros2_cpp_ws/install/my_cpp_pkg/share/my_cpp_pkg/hook/cmake_prefix_path.sh'
[34.673s] Level 1:colcon.colcon_core.environment:checking '/home/metheuser/ROS/Learning/ROS2/ros2_cpp_ws/install/my_cpp_pkg/lib'
[34.677s] Level 1:colcon.colcon_core.environment:checking '/home/metheuser/ROS/Learning/ROS2/ros2_cpp_ws/install/my_cpp_pkg/bin'
[34.678s] Level 1:colcon.colcon_core.environment:checking '/home/metheuser/ROS/Learning/ROS2/ros2_cpp_ws/install/my_cpp_pkg/lib/pkgconfig/my_cpp_pkg.pc'
[34.680s] Level 1:colcon.colcon_core.environment:checking '/home/metheuser/ROS/Learning/ROS2/ros2_cpp_ws/install/my_cpp_pkg/lib/python3.8/site-packages'
[34.681s] Level 1:colcon.colcon_core.environment:checking '/home/metheuser/ROS/Learning/ROS2/ros2_cpp_ws/install/my_cpp_pkg/bin'
[34.683s] INFO:colcon.colcon_core.shell:Creating package script '/home/metheuser/ROS/Learning/ROS2/ros2_cpp_ws/install/my_cpp_pkg/share/my_cpp_pkg/package.ps1'
[34.688s] INFO:colcon.colcon_core.shell:Creating package descriptor '/home/metheuser/ROS/Learning/ROS2/ros2_cpp_ws/install/my_cpp_pkg/share/my_cpp_pkg/package.dsv'
[34.691s] INFO:colcon.colcon_core.shell:Creating package script '/home/metheuser/ROS/Learning/ROS2/ros2_cpp_ws/install/my_cpp_pkg/share/my_cpp_pkg/package.sh'
[34.695s] INFO:colcon.colcon_core.shell:Creating package script '/home/metheuser/ROS/Learning/ROS2/ros2_cpp_ws/install/my_cpp_pkg/share/my_cpp_pkg/package.bash'
[34.702s] INFO:colcon.colcon_core.shell:Creating package script '/home/metheuser/ROS/Learning/ROS2/ros2_cpp_ws/install/my_cpp_pkg/share/my_cpp_pkg/package.zsh'
[34.711s] Level 1:colcon.colcon_core.environment:create_file_with_runtime_dependencies(/home/metheuser/ROS/Learning/ROS2/ros2_cpp_ws/install/my_cpp_pkg/share/colcon-core/packages/my_cpp_pkg)
[34.847s] Level 1:colcon.colcon_core.environment:create_environment_scripts_only(my_cpp_pkg)
[34.848s] Level 1:colcon.colcon_core.environment:checking '/home/metheuser/ROS/Learning/ROS2/ros2_cpp_ws/install/my_cpp_pkg' for CMake module files
[34.850s] Level 1:colcon.colcon_core.environment:checking '/home/metheuser/ROS/Learning/ROS2/ros2_cpp_ws/install/my_cpp_pkg' for CMake config files
[34.852s] Level 1:colcon.colcon_core.shell:create_environment_hook('my_cpp_pkg', 'cmake_prefix_path')
[34.853s] INFO:colcon.colcon_core.shell:Creating environment hook '/home/metheuser/ROS/Learning/ROS2/ros2_cpp_ws/install/my_cpp_pkg/share/my_cpp_pkg/hook/cmake_prefix_path.ps1'
[34.855s] INFO:colcon.colcon_core.shell:Creating environment descriptor '/home/metheuser/ROS/Learning/ROS2/ros2_cpp_ws/install/my_cpp_pkg/share/my_cpp_pkg/hook/cmake_prefix_path.dsv'
[34.856s] INFO:colcon.colcon_core.shell:Creating environment hook '/home/metheuser/ROS/Learning/ROS2/ros2_cpp_ws/install/my_cpp_pkg/share/my_cpp_pkg/hook/cmake_prefix_path.sh'
[34.859s] Level 1:colcon.colcon_core.environment:checking '/home/metheuser/ROS/Learning/ROS2/ros2_cpp_ws/install/my_cpp_pkg/lib'
[34.859s] Level 1:colcon.colcon_core.environment:checking '/home/metheuser/ROS/Learning/ROS2/ros2_cpp_ws/install/my_cpp_pkg/bin'
[34.859s] Level 1:colcon.colcon_core.environment:checking '/home/metheuser/ROS/Learning/ROS2/ros2_cpp_ws/install/my_cpp_pkg/lib/pkgconfig/my_cpp_pkg.pc'
[34.860s] Level 1:colcon.colcon_core.environment:checking '/home/metheuser/ROS/Learning/ROS2/ros2_cpp_ws/install/my_cpp_pkg/lib/python3.8/site-packages'
[34.861s] Level 1:colcon.colcon_core.environment:checking '/home/metheuser/ROS/Learning/ROS2/ros2_cpp_ws/install/my_cpp_pkg/bin'
[34.862s] INFO:colcon.colcon_core.shell:Creating package script '/home/metheuser/ROS/Learning/ROS2/ros2_cpp_ws/install/my_cpp_pkg/share/my_cpp_pkg/package.ps1'
[34.864s] INFO:colcon.colcon_core.shell:Creating package descriptor '/home/metheuser/ROS/Learning/ROS2/ros2_cpp_ws/install/my_cpp_pkg/share/my_cpp_pkg/package.dsv'
[34.866s] INFO:colcon.colcon_core.shell:Creating package script '/home/metheuser/ROS/Learning/ROS2/ros2_cpp_ws/install/my_cpp_pkg/share/my_cpp_pkg/package.sh'
[34.871s] INFO:colcon.colcon_core.shell:Creating package script '/home/metheuser/ROS/Learning/ROS2/ros2_cpp_ws/install/my_cpp_pkg/share/my_cpp_pkg/package.bash'
[34.872s] INFO:colcon.colcon_core.shell:Creating package script '/home/metheuser/ROS/Learning/ROS2/ros2_cpp_ws/install/my_cpp_pkg/share/my_cpp_pkg/package.zsh'
[34.876s] Level 1:colcon.colcon_core.environment:create_file_with_runtime_dependencies(/home/metheuser/ROS/Learning/ROS2/ros2_cpp_ws/install/my_cpp_pkg/share/colcon-core/packages/my_cpp_pkg)
[34.879s] DEBUG:colcon.colcon_parallel_executor.executor.parallel:closing loop
[34.880s] DEBUG:colcon.colcon_parallel_executor.executor.parallel:loop closed
[34.880s] DEBUG:colcon.colcon_parallel_executor.executor.parallel:run_until_complete finished with '0'
[34.881s] DEBUG:colcon.colcon_core.event_reactor:joining thread
[34.903s] INFO:colcon.colcon_core.plugin_system:Skipping extension 'colcon_notification.desktop_notification.terminal_notifier': Not used on non-Darwin systems
[34.903s] INFO:colcon.colcon_core.plugin_system:Skipping extension 'colcon_notification.desktop_notification.win32': Not used on non-Windows systems
[34.903s] INFO:colcon.colcon_notification.desktop_notification:Sending desktop notification using 'notify2'
[35.008s] DEBUG:colcon.colcon_core.event_reactor:joined thread
[35.010s] INFO:colcon.colcon_core.shell:Creating prefix script '/home/metheuser/ROS/Learning/ROS2/ros2_cpp_ws/install/local_setup.ps1'
[35.014s] INFO:colcon.colcon_core.shell:Creating prefix util module '/home/metheuser/ROS/Learning/ROS2/ros2_cpp_ws/install/_local_setup_util_ps1.py'
[35.022s] INFO:colcon.colcon_core.shell:Creating prefix chain script '/home/metheuser/ROS/Learning/ROS2/ros2_cpp_ws/install/setup.ps1'
[35.027s] INFO:colcon.colcon_core.shell:Creating prefix script '/home/metheuser/ROS/Learning/ROS2/ros2_cpp_ws/install/local_setup.sh'
[35.030s] INFO:colcon.colcon_core.shell:Creating prefix util module '/home/metheuser/ROS/Learning/ROS2/ros2_cpp_ws/install/_local_setup_util_sh.py'
[35.039s] INFO:colcon.colcon_core.shell:Creating prefix chain script '/home/metheuser/ROS/Learning/ROS2/ros2_cpp_ws/install/setup.sh'
[35.046s] INFO:colcon.colcon_core.shell:Creating prefix script '/home/metheuser/ROS/Learning/ROS2/ros2_cpp_ws/install/local_setup.bash'
[35.048s] INFO:colcon.colcon_core.shell:Creating prefix chain script '/home/metheuser/ROS/Learning/ROS2/ros2_cpp_ws/install/setup.bash'
[35.060s] INFO:colcon.colcon_core.shell:Creating prefix script '/home/metheuser/ROS/Learning/ROS2/ros2_cpp_ws/install/local_setup.zsh'
[35.063s] INFO:colcon.colcon_core.shell:Creating prefix chain script '/home/metheuser/ROS/Learning/ROS2/ros2_cpp_ws/install/setup.zsh'
