[0.077s] Invoking command in '/home/metheuser/ROS/Learning/ROS2/cpp_ws/build/cpp_service': CMAKE_PREFIX_PATH=/opt/ros/foxy /usr/bin/cmake /home/metheuser/ROS/Learning/ROS2/cpp_ws/src/cpp_service -DCMAKE_INSTALL_PREFIX=/home/metheuser/ROS/Learning/ROS2/cpp_ws/install/cpp_service
[0.804s] -- The C compiler identification is GNU 9.4.0
[1.350s] -- The CXX compiler identification is GNU 9.4.0
[1.387s] -- Check for working C compiler: /usr/bin/cc
[1.728s] -- Check for working C compiler: /usr/bin/cc -- works
[1.733s] -- Detecting C compiler ABI info
[2.094s] -- Detecting C compiler ABI info - done
[2.192s] -- Detecting C compile features
[2.193s] -- Detecting C compile features - done
[2.209s] -- Check for working CXX compiler: /usr/bin/c++
[2.642s] -- Check for working CXX compiler: /usr/bin/c++ -- works
[2.649s] -- Detecting CXX compiler ABI info
[3.070s] -- Detecting CXX compiler ABI info - done
[3.189s] -- Detecting CXX compile features
[3.193s] -- Detecting CXX compile features - done
[3.214s] -- Found ament_cmake: 0.9.12 (/opt/ros/foxy/share/ament_cmake/cmake)
[3.330s] -- Found PythonInterp: /usr/bin/python3 (found suitable version "3.8.10", minimum required is "3") 
[3.331s] -- Using PYTHON_EXECUTABLE: /usr/bin/python3
[4.419s] -- Found rclcpp: 2.4.3 (/opt/ros/foxy/share/rclcpp/cmake)
[4.782s] -- Using all available rosidl_typesupport_c: rosidl_typesupport_fastrtps_c;rosidl_typesupport_introspection_c
[4.833s] -- Found rosidl_adapter: 1.3.1 (/opt/ros/foxy/share/rosidl_adapter/cmake)
[5.314s] -- Found OpenSSL: /usr/lib/x86_64-linux-gnu/libcrypto.so (found version "1.1.1f")  
[5.494s] -- Found FastRTPS: /opt/ros/foxy/include  
[6.068s] -- Using all available rosidl_typesupport_cpp: rosidl_typesupport_fastrtps_cpp;rosidl_typesupport_introspection_cpp
[6.533s] -- Found rmw_implementation_cmake: 1.0.4 (/opt/ros/foxy/share/rmw_implementation_cmake/cmake)
[6.545s] -- Using RMW implementation 'rmw_fastrtps_cpp' as default
[6.552s] -- Looking for pthread.h
[6.970s] -- Looking for pthread.h - found
[6.972s] -- Performing Test CMAKE_HAVE_LIBC_PTHREAD
[7.343s] -- Performing Test CMAKE_HAVE_LIBC_PTHREAD - Failed
[7.344s] -- Looking for pthread_create in pthreads
[7.645s] -- Looking for pthread_create in pthreads - not found
[7.646s] -- Looking for pthread_create in pthread
[8.009s] -- Looking for pthread_create in pthread - found
[8.018s] -- Found Threads: TRUE  
[9.475s] -- Found turtlesim: 1.2.6 (/opt/ros/foxy/share/turtlesim/cmake)
[10.523s] -- Found ament_lint_auto: 0.9.8 (/opt/ros/foxy/share/ament_lint_auto/cmake)
[10.945s] -- Added test 'copyright' to check source files copyright and LICENSE
[10.951s] -- Added test 'cppcheck' to perform static code analysis on C / C++ code
[10.952s] -- Configured cppcheck include dirs: 
[10.952s] -- Configured cppcheck exclude dirs and/or files: 
[10.967s] -- Added test 'cpplint' to check C / C++ code against the Google style
[10.968s] -- Configured cpplint exclude dirs and/or files: 
[10.972s] -- Added test 'lint_cmake' to check CMake code style
[10.979s] -- Added test 'uncrustify' to check C / C++ code style
[10.980s] -- Configured uncrustify additional arguments: 
[10.983s] -- Added test 'xmllint' to check XML markup files
[11.006s] -- Configuring done
[11.013s] CMake Error at CMakeLists.txt:27 (add_executable):
[11.013s]   Cannot find source file:
[11.014s] 
[11.015s]     src/cpp_service_client_polar.cpp
[11.015s] 
[11.016s]   Tried extensions .c .C .c++ .cc .cpp .cxx .cu .m .M .mm .h .hh .h++ .hm
[11.016s]   .hpp .hxx .in .txx
[11.017s] 
[11.017s] 
[11.024s] CMake Error at CMakeLists.txt:24 (add_executable):
[11.028s]   Cannot find source file:
[11.028s] 
[11.029s]     src/cpp_service_server_polar.cpp
[11.030s] 
[11.030s]   Tried extensions .c .C .c++ .cc .cpp .cxx .cu .m .M .mm .h .hh .h++ .hm
[11.030s]   .hpp .hxx .in .txx
[11.031s] 
[11.031s] 
[11.032s] CMake Error at CMakeLists.txt:27 (add_executable):
[11.032s]   No SOURCES given to target: cpp_service_client_polar
[11.033s] 
[11.033s] 
[11.033s] CMake Error at CMakeLists.txt:24 (add_executable):
[11.034s]   No SOURCES given to target: cpp_service_server_polar
[11.034s] 
[11.035s] 
[11.035s] CMake Generate step failed.  Build files cannot be regenerated correctly.
[11.066s] Invoked command in '/home/metheuser/ROS/Learning/ROS2/cpp_ws/build/cpp_service' returned '1': CMAKE_PREFIX_PATH=/opt/ros/foxy /usr/bin/cmake /home/metheuser/ROS/Learning/ROS2/cpp_ws/src/cpp_service -DCMAKE_INSTALL_PREFIX=/home/metheuser/ROS/Learning/ROS2/cpp_ws/install/cpp_service
