[1.006s] DEBUG:colcon:Command line arguments: ['/usr/bin/colcon', 'build']
[1.006s] DEBUG:colcon:Parsed command line arguments: Namespace(allow_overriding=[], ament_cmake_args=None, base_paths=['.'], build_base='build', catkin_cmake_args=None, catkin_skip_building_tests=False, cmake_args=None, cmake_clean_cache=False, cmake_clean_first=False, cmake_force_configure=False, cmake_target=None, cmake_target_skip_unavailable=False, continue_on_error=False, event_handlers=None, executor='parallel', ignore_user_meta=False, install_base='install', log_base=None, log_level=None, main=<bound method BuildVerb.main of <colcon_core.verb.build.BuildVerb object at 0x7f9019c83d00>>, merge_install=False, metas=['./colcon.meta'], mixin=None, mixin_files=None, mixin_verb=('build',), packages_above=None, packages_above_and_dependencies=None, packages_above_depth=None, packages_end=None, packages_ignore=None, packages_ignore_regex=None, packages_select=None, packages_select_build_failed=False, packages_select_by_dep=None, packages_select_regex=None, packages_select_test_failures=False, packages_skip=None, packages_skip_build_finished=False, packages_skip_by_dep=None, packages_skip_regex=None, packages_skip_test_passed=False, packages_skip_up_to=None, packages_start=None, packages_up_to=None, packages_up_to_regex=None, parallel_workers=2, paths=None, symlink_install=False, test_result_base=None, verb_extension=<colcon_core.verb.build.BuildVerb object at 0x7f9019c83d00>, verb_name='build', verb_parser=<colcon_mixin.mixin.mixin_argument.MixinArgumentDecorator object at 0x7f9019c5c520>)
[1.701s] Level 1:colcon.colcon_core.package_discovery:discover_packages(colcon_meta) check parameters
[1.701s] Level 1:colcon.colcon_core.package_discovery:discover_packages(recursive) check parameters
[1.701s] Level 1:colcon.colcon_core.package_discovery:discover_packages(ignore) check parameters
[1.702s] Level 1:colcon.colcon_core.package_discovery:discover_packages(path) check parameters
[1.702s] Level 1:colcon.colcon_core.package_discovery:discover_packages(colcon_meta) discover
[1.702s] Level 1:colcon.colcon_core.package_discovery:discover_packages(recursive) discover
[1.702s] INFO:colcon.colcon_core.package_discovery:Crawling recursively for packages in '/home/metheuser/ROS/Learning/ROS2/ros2_py_ws'
[1.703s] Level 1:colcon.colcon_core.package_identification:_identify(.) by extensions ['ignore', 'ignore_ament_install']
[1.703s] Level 1:colcon.colcon_core.package_identification:_identify(.) by extension 'ignore'
[1.703s] Level 1:colcon.colcon_core.package_identification:_identify(.) by extension 'ignore_ament_install'
[1.704s] Level 1:colcon.colcon_core.package_identification:_identify(.) by extensions ['colcon_pkg']
[1.704s] Level 1:colcon.colcon_core.package_identification:_identify(.) by extension 'colcon_pkg'
[1.704s] Level 1:colcon.colcon_core.package_identification:_identify(.) by extensions ['colcon_meta']
[1.704s] Level 1:colcon.colcon_core.package_identification:_identify(.) by extension 'colcon_meta'
[1.704s] Level 1:colcon.colcon_core.package_identification:_identify(.) by extensions ['ros']
[1.705s] Level 1:colcon.colcon_core.package_identification:_identify(.) by extension 'ros'
[1.760s] Level 1:colcon.colcon_core.package_identification:_identify(.) by extensions ['cmake', 'python']
[1.760s] Level 1:colcon.colcon_core.package_identification:_identify(.) by extension 'cmake'
[1.760s] Level 1:colcon.colcon_core.package_identification:_identify(.) by extension 'python'
[1.760s] Level 1:colcon.colcon_core.package_identification:_identify(.) by extensions ['python_setup_py']
[1.761s] Level 1:colcon.colcon_core.package_identification:_identify(.) by extension 'python_setup_py'
[1.761s] Level 1:colcon.colcon_core.package_identification:_identify(build) by extensions ['ignore', 'ignore_ament_install']
[1.762s] Level 1:colcon.colcon_core.package_identification:_identify(build) by extension 'ignore'
[1.762s] Level 1:colcon.colcon_core.package_identification:_identify(build) ignored
[1.763s] Level 1:colcon.colcon_core.package_identification:_identify(install) by extensions ['ignore', 'ignore_ament_install']
[1.763s] Level 1:colcon.colcon_core.package_identification:_identify(install) by extension 'ignore'
[1.763s] Level 1:colcon.colcon_core.package_identification:_identify(install) ignored
[1.764s] Level 1:colcon.colcon_core.package_identification:_identify(log) by extensions ['ignore', 'ignore_ament_install']
[1.764s] Level 1:colcon.colcon_core.package_identification:_identify(log) by extension 'ignore'
[1.764s] Level 1:colcon.colcon_core.package_identification:_identify(log) ignored
[1.764s] Level 1:colcon.colcon_core.package_identification:_identify(src) by extensions ['ignore', 'ignore_ament_install']
[1.765s] Level 1:colcon.colcon_core.package_identification:_identify(src) by extension 'ignore'
[1.765s] Level 1:colcon.colcon_core.package_identification:_identify(src) by extension 'ignore_ament_install'
[1.765s] Level 1:colcon.colcon_core.package_identification:_identify(src) by extensions ['colcon_pkg']
[1.765s] Level 1:colcon.colcon_core.package_identification:_identify(src) by extension 'colcon_pkg'
[1.766s] Level 1:colcon.colcon_core.package_identification:_identify(src) by extensions ['colcon_meta']
[1.766s] Level 1:colcon.colcon_core.package_identification:_identify(src) by extension 'colcon_meta'
[1.766s] Level 1:colcon.colcon_core.package_identification:_identify(src) by extensions ['ros']
[1.766s] Level 1:colcon.colcon_core.package_identification:_identify(src) by extension 'ros'
[1.767s] Level 1:colcon.colcon_core.package_identification:_identify(src) by extensions ['cmake', 'python']
[1.767s] Level 1:colcon.colcon_core.package_identification:_identify(src) by extension 'cmake'
[1.767s] Level 1:colcon.colcon_core.package_identification:_identify(src) by extension 'python'
[1.767s] Level 1:colcon.colcon_core.package_identification:_identify(src) by extensions ['python_setup_py']
[1.767s] Level 1:colcon.colcon_core.package_identification:_identify(src) by extension 'python_setup_py'
[1.768s] Level 1:colcon.colcon_core.package_identification:_identify(src/my_py_pkg) by extensions ['ignore', 'ignore_ament_install']
[1.768s] Level 1:colcon.colcon_core.package_identification:_identify(src/my_py_pkg) by extension 'ignore'
[1.768s] Level 1:colcon.colcon_core.package_identification:_identify(src/my_py_pkg) by extension 'ignore_ament_install'
[1.769s] Level 1:colcon.colcon_core.package_identification:_identify(src/my_py_pkg) by extensions ['colcon_pkg']
[1.769s] Level 1:colcon.colcon_core.package_identification:_identify(src/my_py_pkg) by extension 'colcon_pkg'
[1.769s] Level 1:colcon.colcon_core.package_identification:_identify(src/my_py_pkg) by extensions ['colcon_meta']
[1.769s] Level 1:colcon.colcon_core.package_identification:_identify(src/my_py_pkg) by extension 'colcon_meta'
[1.770s] Level 1:colcon.colcon_core.package_identification:_identify(src/my_py_pkg) by extensions ['ros']
[1.770s] Level 1:colcon.colcon_core.package_identification:_identify(src/my_py_pkg) by extension 'ros'
[1.781s] DEBUG:colcon.colcon_core.package_identification:Package 'src/my_py_pkg' with type 'ros.ament_python' and name 'my_py_pkg'
[1.781s] Level 1:colcon.colcon_core.package_discovery:discover_packages(recursive) using defaults
[1.781s] Level 1:colcon.colcon_core.package_discovery:discover_packages(ignore) discover
[1.782s] Level 1:colcon.colcon_core.package_discovery:discover_packages(ignore) using defaults
[1.782s] Level 1:colcon.colcon_core.package_discovery:discover_packages(path) discover
[1.782s] Level 1:colcon.colcon_core.package_discovery:discover_packages(path) using defaults
[1.869s] Level 1:colcon.colcon_core.package_discovery:discover_packages(prefix_path) check parameters
[1.870s] Level 1:colcon.colcon_core.package_discovery:discover_packages(prefix_path) discover
[1.881s] DEBUG:colcon.colcon_installed_package_information.package_discovery:Found 263 installed packages in /opt/ros/foxy
[1.890s] Level 1:colcon.colcon_core.package_discovery:discover_packages(prefix_path) using defaults
[2.198s] Level 5:colcon.colcon_core.verb:set package 'my_py_pkg' build argument 'cmake_args' from command line to 'None'
[2.199s] Level 5:colcon.colcon_core.verb:set package 'my_py_pkg' build argument 'cmake_target' from command line to 'None'
[2.199s] Level 5:colcon.colcon_core.verb:set package 'my_py_pkg' build argument 'cmake_target_skip_unavailable' from command line to 'False'
[2.199s] Level 5:colcon.colcon_core.verb:set package 'my_py_pkg' build argument 'cmake_clean_cache' from command line to 'False'
[2.199s] Level 5:colcon.colcon_core.verb:set package 'my_py_pkg' build argument 'cmake_clean_first' from command line to 'False'
[2.199s] Level 5:colcon.colcon_core.verb:set package 'my_py_pkg' build argument 'cmake_force_configure' from command line to 'False'
[2.199s] Level 5:colcon.colcon_core.verb:set package 'my_py_pkg' build argument 'ament_cmake_args' from command line to 'None'
[2.199s] Level 5:colcon.colcon_core.verb:set package 'my_py_pkg' build argument 'catkin_cmake_args' from command line to 'None'
[2.199s] Level 5:colcon.colcon_core.verb:set package 'my_py_pkg' build argument 'catkin_skip_building_tests' from command line to 'False'
[2.200s] DEBUG:colcon.colcon_core.verb:Building package 'my_py_pkg' with the following arguments: {'ament_cmake_args': None, 'build_base': '/home/metheuser/ROS/Learning/ROS2/ros2_py_ws/build/my_py_pkg', 'catkin_cmake_args': None, 'catkin_skip_building_tests': False, 'cmake_args': None, 'cmake_clean_cache': False, 'cmake_clean_first': False, 'cmake_force_configure': False, 'cmake_target': None, 'cmake_target_skip_unavailable': False, 'install_base': '/home/metheuser/ROS/Learning/ROS2/ros2_py_ws/install/my_py_pkg', 'merge_install': False, 'path': '/home/metheuser/ROS/Learning/ROS2/ros2_py_ws/src/my_py_pkg', 'symlink_install': False, 'test_result_base': None}
[2.200s] INFO:colcon.colcon_core.executor:Executing jobs using 'parallel' executor
[2.204s] DEBUG:colcon.colcon_parallel_executor.executor.parallel:run_until_complete
[2.204s] INFO:colcon.colcon_ros.task.ament_python.build:Building ROS package in '/home/metheuser/ROS/Learning/ROS2/ros2_py_ws/src/my_py_pkg' with build type 'ament_python'
[2.205s] Level 1:colcon.colcon_core.shell:create_environment_hook('my_py_pkg', 'ament_prefix_path')
[2.215s] INFO:colcon.colcon_core.plugin_system:Skipping extension 'colcon_core.shell.bat': Not used on non-Windows systems
[2.216s] INFO:colcon.colcon_core.shell:Creating environment hook '/home/metheuser/ROS/Learning/ROS2/ros2_py_ws/install/my_py_pkg/share/my_py_pkg/hook/ament_prefix_path.ps1'
[2.219s] INFO:colcon.colcon_core.shell:Creating environment descriptor '/home/metheuser/ROS/Learning/ROS2/ros2_py_ws/install/my_py_pkg/share/my_py_pkg/hook/ament_prefix_path.dsv'
[2.221s] INFO:colcon.colcon_core.shell:Creating environment hook '/home/metheuser/ROS/Learning/ROS2/ros2_py_ws/install/my_py_pkg/share/my_py_pkg/hook/ament_prefix_path.sh'
[2.225s] INFO:colcon.colcon_core.shell:Skip shell extension 'powershell' for command environment: Not usable outside of PowerShell
[2.225s] DEBUG:colcon.colcon_core.shell:Skip shell extension 'dsv' for command environment
[3.342s] INFO:colcon.colcon_core.task.python.build:Building Python package in '/home/metheuser/ROS/Learning/ROS2/ros2_py_ws/src/my_py_pkg'
[3.343s] INFO:colcon.colcon_core.shell:Skip shell extension 'powershell' for command environment: Not usable outside of PowerShell
[3.344s] DEBUG:colcon.colcon_core.shell:Skip shell extension 'dsv' for command environment
[5.338s] DEBUG:colcon.colcon_core.event_handler.log_command:Invoking command in '/home/metheuser/ROS/Learning/ROS2/ros2_py_ws/src/my_py_pkg': PYTHONPATH=/home/metheuser/ROS/Learning/ROS2/ros2_py_ws/build/my_py_pkg/prefix_override:/usr/lib/python3/dist-packages/colcon_core/task/python/colcon_distutils_commands:/home/metheuser/ROS/Learning/ROS2/ros2_py_ws/install/my_py_pkg/lib/python3.8/site-packages:${PYTHONPATH} /usr/bin/python3 -W ignore:setup.py install is deprecated setup.py egg_info --egg-base ../../build/my_py_pkg build --build-base /home/metheuser/ROS/Learning/ROS2/ros2_py_ws/build/my_py_pkg/build install --record /home/metheuser/ROS/Learning/ROS2/ros2_py_ws/build/my_py_pkg/install.log --install-scripts $base/lib/my_py_pkg --single-version-externally-managed install_data
[6.877s] DEBUG:colcon.colcon_core.event_handler.log_command:Invoked command in '/home/metheuser/ROS/Learning/ROS2/ros2_py_ws/src/my_py_pkg' returned '0': PYTHONPATH=/home/metheuser/ROS/Learning/ROS2/ros2_py_ws/build/my_py_pkg/prefix_override:/usr/lib/python3/dist-packages/colcon_core/task/python/colcon_distutils_commands:/home/metheuser/ROS/Learning/ROS2/ros2_py_ws/install/my_py_pkg/lib/python3.8/site-packages:${PYTHONPATH} /usr/bin/python3 -W ignore:setup.py install is deprecated setup.py egg_info --egg-base ../../build/my_py_pkg build --build-base /home/metheuser/ROS/Learning/ROS2/ros2_py_ws/build/my_py_pkg/build install --record /home/metheuser/ROS/Learning/ROS2/ros2_py_ws/build/my_py_pkg/install.log --install-scripts $base/lib/my_py_pkg --single-version-externally-managed install_data
[6.895s] Level 1:colcon.colcon_core.environment:checking '/home/metheuser/ROS/Learning/ROS2/ros2_py_ws/install/my_py_pkg' for CMake module files
[6.898s] Level 1:colcon.colcon_core.environment:checking '/home/metheuser/ROS/Learning/ROS2/ros2_py_ws/install/my_py_pkg' for CMake config files
[6.900s] Level 1:colcon.colcon_core.environment:checking '/home/metheuser/ROS/Learning/ROS2/ros2_py_ws/install/my_py_pkg/lib'
[6.901s] Level 1:colcon.colcon_core.environment:checking '/home/metheuser/ROS/Learning/ROS2/ros2_py_ws/install/my_py_pkg/bin'
[6.901s] Level 1:colcon.colcon_core.environment:checking '/home/metheuser/ROS/Learning/ROS2/ros2_py_ws/install/my_py_pkg/lib/pkgconfig/my_py_pkg.pc'
[6.902s] Level 1:colcon.colcon_core.environment:checking '/home/metheuser/ROS/Learning/ROS2/ros2_py_ws/install/my_py_pkg/lib/python3.8/site-packages'
[6.903s] Level 1:colcon.colcon_core.shell:create_environment_hook('my_py_pkg', 'pythonpath')
[6.904s] INFO:colcon.colcon_core.shell:Creating environment hook '/home/metheuser/ROS/Learning/ROS2/ros2_py_ws/install/my_py_pkg/share/my_py_pkg/hook/pythonpath.ps1'
[6.905s] INFO:colcon.colcon_core.shell:Creating environment descriptor '/home/metheuser/ROS/Learning/ROS2/ros2_py_ws/install/my_py_pkg/share/my_py_pkg/hook/pythonpath.dsv'
[6.906s] INFO:colcon.colcon_core.shell:Creating environment hook '/home/metheuser/ROS/Learning/ROS2/ros2_py_ws/install/my_py_pkg/share/my_py_pkg/hook/pythonpath.sh'
[6.908s] Level 1:colcon.colcon_core.environment:checking '/home/metheuser/ROS/Learning/ROS2/ros2_py_ws/install/my_py_pkg/bin'
[6.908s] Level 1:colcon.colcon_core.environment:create_environment_scripts_only(my_py_pkg)
[6.910s] INFO:colcon.colcon_core.shell:Creating package script '/home/metheuser/ROS/Learning/ROS2/ros2_py_ws/install/my_py_pkg/share/my_py_pkg/package.ps1'
[6.914s] INFO:colcon.colcon_core.shell:Creating package descriptor '/home/metheuser/ROS/Learning/ROS2/ros2_py_ws/install/my_py_pkg/share/my_py_pkg/package.dsv'
[6.917s] INFO:colcon.colcon_core.shell:Creating package script '/home/metheuser/ROS/Learning/ROS2/ros2_py_ws/install/my_py_pkg/share/my_py_pkg/package.sh'
[6.921s] INFO:colcon.colcon_core.shell:Creating package script '/home/metheuser/ROS/Learning/ROS2/ros2_py_ws/install/my_py_pkg/share/my_py_pkg/package.bash'
[6.925s] INFO:colcon.colcon_core.shell:Creating package script '/home/metheuser/ROS/Learning/ROS2/ros2_py_ws/install/my_py_pkg/share/my_py_pkg/package.zsh'
[6.928s] Level 1:colcon.colcon_core.environment:create_file_with_runtime_dependencies(/home/metheuser/ROS/Learning/ROS2/ros2_py_ws/install/my_py_pkg/share/colcon-core/packages/my_py_pkg)
[6.931s] DEBUG:colcon.colcon_parallel_executor.executor.parallel:closing loop
[6.931s] DEBUG:colcon.colcon_parallel_executor.executor.parallel:loop closed
[6.932s] DEBUG:colcon.colcon_parallel_executor.executor.parallel:run_until_complete finished with '0'
[6.932s] DEBUG:colcon.colcon_core.event_reactor:joining thread
[6.952s] INFO:colcon.colcon_core.plugin_system:Skipping extension 'colcon_notification.desktop_notification.terminal_notifier': Not used on non-Darwin systems
[6.952s] INFO:colcon.colcon_core.plugin_system:Skipping extension 'colcon_notification.desktop_notification.win32': Not used on non-Windows systems
[6.952s] INFO:colcon.colcon_notification.desktop_notification:Sending desktop notification using 'notify2'
[7.036s] DEBUG:colcon.colcon_core.event_reactor:joined thread
[7.038s] INFO:colcon.colcon_core.shell:Creating prefix script '/home/metheuser/ROS/Learning/ROS2/ros2_py_ws/install/local_setup.ps1'
[7.048s] INFO:colcon.colcon_core.shell:Creating prefix util module '/home/metheuser/ROS/Learning/ROS2/ros2_py_ws/install/_local_setup_util_ps1.py'
[7.056s] INFO:colcon.colcon_core.shell:Creating prefix chain script '/home/metheuser/ROS/Learning/ROS2/ros2_py_ws/install/setup.ps1'
[7.063s] INFO:colcon.colcon_core.shell:Creating prefix script '/home/metheuser/ROS/Learning/ROS2/ros2_py_ws/install/local_setup.sh'
[7.068s] INFO:colcon.colcon_core.shell:Creating prefix util module '/home/metheuser/ROS/Learning/ROS2/ros2_py_ws/install/_local_setup_util_sh.py'
[7.079s] INFO:colcon.colcon_core.shell:Creating prefix chain script '/home/metheuser/ROS/Learning/ROS2/ros2_py_ws/install/setup.sh'
[7.087s] INFO:colcon.colcon_core.shell:Creating prefix script '/home/metheuser/ROS/Learning/ROS2/ros2_py_ws/install/local_setup.bash'
[7.090s] INFO:colcon.colcon_core.shell:Creating prefix chain script '/home/metheuser/ROS/Learning/ROS2/ros2_py_ws/install/setup.bash'
[7.098s] INFO:colcon.colcon_core.shell:Creating prefix script '/home/metheuser/ROS/Learning/ROS2/ros2_py_ws/install/local_setup.zsh'
[7.102s] INFO:colcon.colcon_core.shell:Creating prefix chain script '/home/metheuser/ROS/Learning/ROS2/ros2_py_ws/install/setup.zsh'
