[1.488s] DEBUG:colcon:Command line arguments: ['/usr/bin/colcon', 'build']
[1.489s] DEBUG:colcon:Parsed command line arguments: Namespace(allow_overriding=[], ament_cmake_args=None, base_paths=['.'], build_base='build', catkin_cmake_args=None, catkin_skip_building_tests=False, cmake_args=None, cmake_clean_cache=False, cmake_clean_first=False, cmake_force_configure=False, cmake_target=None, cmake_target_skip_unavailable=False, continue_on_error=False, event_handlers=None, executor='parallel', ignore_user_meta=False, install_base='install', log_base=None, log_level=None, main=<bound method BuildVerb.main of <colcon_core.verb.build.BuildVerb object at 0x7fb0df032d00>>, merge_install=False, metas=['./colcon.meta'], mixin=None, mixin_files=None, mixin_verb=('build',), packages_above=None, packages_above_and_dependencies=None, packages_above_depth=None, packages_end=None, packages_ignore=None, packages_ignore_regex=None, packages_select=None, packages_select_build_failed=False, packages_select_by_dep=None, packages_select_regex=None, packages_select_test_failures=False, packages_skip=None, packages_skip_build_finished=False, packages_skip_by_dep=None, packages_skip_regex=None, packages_skip_test_passed=False, packages_skip_up_to=None, packages_start=None, packages_up_to=None, packages_up_to_regex=None, parallel_workers=2, paths=None, symlink_install=False, test_result_base=None, verb_extension=<colcon_core.verb.build.BuildVerb object at 0x7fb0df032d00>, verb_name='build', verb_parser=<colcon_mixin.mixin.mixin_argument.MixinArgumentDecorator object at 0x7fb0df008520>)
[2.498s] Level 1:colcon.colcon_core.package_discovery:discover_packages(colcon_meta) check parameters
[2.499s] Level 1:colcon.colcon_core.package_discovery:discover_packages(recursive) check parameters
[2.499s] Level 1:colcon.colcon_core.package_discovery:discover_packages(ignore) check parameters
[2.499s] Level 1:colcon.colcon_core.package_discovery:discover_packages(path) check parameters
[2.499s] Level 1:colcon.colcon_core.package_discovery:discover_packages(colcon_meta) discover
[2.499s] Level 1:colcon.colcon_core.package_discovery:discover_packages(recursive) discover
[2.500s] INFO:colcon.colcon_core.package_discovery:Crawling recursively for packages in '/home/metheuser/ROS/Learning/ROS2/ros2_cpp_ws'
[2.500s] Level 1:colcon.colcon_core.package_identification:_identify(.) by extensions ['ignore', 'ignore_ament_install']
[2.501s] Level 1:colcon.colcon_core.package_identification:_identify(.) by extension 'ignore'
[2.501s] Level 1:colcon.colcon_core.package_identification:_identify(.) by extension 'ignore_ament_install'
[2.501s] Level 1:colcon.colcon_core.package_identification:_identify(.) by extensions ['colcon_pkg']
[2.501s] Level 1:colcon.colcon_core.package_identification:_identify(.) by extension 'colcon_pkg'
[2.501s] Level 1:colcon.colcon_core.package_identification:_identify(.) by extensions ['colcon_meta']
[2.502s] Level 1:colcon.colcon_core.package_identification:_identify(.) by extension 'colcon_meta'
[2.502s] Level 1:colcon.colcon_core.package_identification:_identify(.) by extensions ['ros']
[2.502s] Level 1:colcon.colcon_core.package_identification:_identify(.) by extension 'ros'
[2.576s] Level 1:colcon.colcon_core.package_identification:_identify(.) by extensions ['cmake', 'python']
[2.576s] Level 1:colcon.colcon_core.package_identification:_identify(.) by extension 'cmake'
[2.576s] Level 1:colcon.colcon_core.package_identification:_identify(.) by extension 'python'
[2.576s] Level 1:colcon.colcon_core.package_identification:_identify(.) by extensions ['python_setup_py']
[2.577s] Level 1:colcon.colcon_core.package_identification:_identify(.) by extension 'python_setup_py'
[2.577s] Level 1:colcon.colcon_core.package_identification:_identify(build) by extensions ['ignore', 'ignore_ament_install']
[2.578s] Level 1:colcon.colcon_core.package_identification:_identify(build) by extension 'ignore'
[2.578s] Level 1:colcon.colcon_core.package_identification:_identify(build) ignored
[2.579s] Level 1:colcon.colcon_core.package_identification:_identify(install) by extensions ['ignore', 'ignore_ament_install']
[2.579s] Level 1:colcon.colcon_core.package_identification:_identify(install) by extension 'ignore'
[2.579s] Level 1:colcon.colcon_core.package_identification:_identify(install) ignored
[2.580s] Level 1:colcon.colcon_core.package_identification:_identify(log) by extensions ['ignore', 'ignore_ament_install']
[2.580s] Level 1:colcon.colcon_core.package_identification:_identify(log) by extension 'ignore'
[2.580s] Level 1:colcon.colcon_core.package_identification:_identify(log) ignored
[2.581s] Level 1:colcon.colcon_core.package_identification:_identify(src) by extensions ['ignore', 'ignore_ament_install']
[2.581s] Level 1:colcon.colcon_core.package_identification:_identify(src) by extension 'ignore'
[2.581s] Level 1:colcon.colcon_core.package_identification:_identify(src) by extension 'ignore_ament_install'
[2.582s] Level 1:colcon.colcon_core.package_identification:_identify(src) by extensions ['colcon_pkg']
[2.582s] Level 1:colcon.colcon_core.package_identification:_identify(src) by extension 'colcon_pkg'
[2.582s] Level 1:colcon.colcon_core.package_identification:_identify(src) by extensions ['colcon_meta']
[2.582s] Level 1:colcon.colcon_core.package_identification:_identify(src) by extension 'colcon_meta'
[2.583s] Level 1:colcon.colcon_core.package_identification:_identify(src) by extensions ['ros']
[2.583s] Level 1:colcon.colcon_core.package_identification:_identify(src) by extension 'ros'
[2.583s] Level 1:colcon.colcon_core.package_identification:_identify(src) by extensions ['cmake', 'python']
[2.583s] Level 1:colcon.colcon_core.package_identification:_identify(src) by extension 'cmake'
[2.584s] Level 1:colcon.colcon_core.package_identification:_identify(src) by extension 'python'
[2.584s] Level 1:colcon.colcon_core.package_identification:_identify(src) by extensions ['python_setup_py']
[2.584s] Level 1:colcon.colcon_core.package_identification:_identify(src) by extension 'python_setup_py'
[2.585s] Level 1:colcon.colcon_core.package_identification:_identify(src/my_cpp_pkg) by extensions ['ignore', 'ignore_ament_install']
[2.585s] Level 1:colcon.colcon_core.package_identification:_identify(src/my_cpp_pkg) by extension 'ignore'
[2.585s] Level 1:colcon.colcon_core.package_identification:_identify(src/my_cpp_pkg) by extension 'ignore_ament_install'
[2.586s] Level 1:colcon.colcon_core.package_identification:_identify(src/my_cpp_pkg) by extensions ['colcon_pkg']
[2.586s] Level 1:colcon.colcon_core.package_identification:_identify(src/my_cpp_pkg) by extension 'colcon_pkg'
[2.586s] Level 1:colcon.colcon_core.package_identification:_identify(src/my_cpp_pkg) by extensions ['colcon_meta']
[2.586s] Level 1:colcon.colcon_core.package_identification:_identify(src/my_cpp_pkg) by extension 'colcon_meta'
[2.587s] Level 1:colcon.colcon_core.package_identification:_identify(src/my_cpp_pkg) by extensions ['ros']
[2.587s] Level 1:colcon.colcon_core.package_identification:_identify(src/my_cpp_pkg) by extension 'ros'
[2.605s] DEBUG:colcon.colcon_core.package_identification:Package 'src/my_cpp_pkg' with type 'ros.ament_cmake' and name 'my_cpp_pkg'
[2.605s] Level 1:colcon.colcon_core.package_discovery:discover_packages(recursive) using defaults
[2.605s] Level 1:colcon.colcon_core.package_discovery:discover_packages(ignore) discover
[2.605s] Level 1:colcon.colcon_core.package_discovery:discover_packages(ignore) using defaults
[2.606s] Level 1:colcon.colcon_core.package_discovery:discover_packages(path) discover
[2.606s] Level 1:colcon.colcon_core.package_discovery:discover_packages(path) using defaults
[2.703s] Level 1:colcon.colcon_core.package_discovery:discover_packages(prefix_path) check parameters
[2.703s] Level 1:colcon.colcon_core.package_discovery:discover_packages(prefix_path) discover
[2.716s] DEBUG:colcon.colcon_installed_package_information.package_discovery:Found 263 installed packages in /opt/ros/foxy
[2.725s] Level 1:colcon.colcon_core.package_discovery:discover_packages(prefix_path) using defaults
[3.110s] Level 5:colcon.colcon_core.verb:set package 'my_cpp_pkg' build argument 'cmake_args' from command line to 'None'
[3.111s] Level 5:colcon.colcon_core.verb:set package 'my_cpp_pkg' build argument 'cmake_target' from command line to 'None'
[3.111s] Level 5:colcon.colcon_core.verb:set package 'my_cpp_pkg' build argument 'cmake_target_skip_unavailable' from command line to 'False'
[3.111s] Level 5:colcon.colcon_core.verb:set package 'my_cpp_pkg' build argument 'cmake_clean_cache' from command line to 'False'
[3.111s] Level 5:colcon.colcon_core.verb:set package 'my_cpp_pkg' build argument 'cmake_clean_first' from command line to 'False'
[3.111s] Level 5:colcon.colcon_core.verb:set package 'my_cpp_pkg' build argument 'cmake_force_configure' from command line to 'False'
[3.111s] Level 5:colcon.colcon_core.verb:set package 'my_cpp_pkg' build argument 'ament_cmake_args' from command line to 'None'
[3.111s] Level 5:colcon.colcon_core.verb:set package 'my_cpp_pkg' build argument 'catkin_cmake_args' from command line to 'None'
[3.112s] Level 5:colcon.colcon_core.verb:set package 'my_cpp_pkg' build argument 'catkin_skip_building_tests' from command line to 'False'
[3.112s] DEBUG:colcon.colcon_core.verb:Building package 'my_cpp_pkg' with the following arguments: {'ament_cmake_args': None, 'build_base': '/home/metheuser/ROS/Learning/ROS2/ros2_cpp_ws/build/my_cpp_pkg', 'catkin_cmake_args': None, 'catkin_skip_building_tests': False, 'cmake_args': None, 'cmake_clean_cache': False, 'cmake_clean_first': False, 'cmake_force_configure': False, 'cmake_target': None, 'cmake_target_skip_unavailable': False, 'install_base': '/home/metheuser/ROS/Learning/ROS2/ros2_cpp_ws/install/my_cpp_pkg', 'merge_install': False, 'path': '/home/metheuser/ROS/Learning/ROS2/ros2_cpp_ws/src/my_cpp_pkg', 'symlink_install': False, 'test_result_base': None}
[3.113s] INFO:colcon.colcon_core.executor:Executing jobs using 'parallel' executor
[3.117s] DEBUG:colcon.colcon_parallel_executor.executor.parallel:run_until_complete
[3.118s] INFO:colcon.colcon_ros.task.ament_cmake.build:Building ROS package in '/home/metheuser/ROS/Learning/ROS2/ros2_cpp_ws/src/my_cpp_pkg' with build type 'ament_cmake'
[3.119s] INFO:colcon.colcon_cmake.task.cmake.build:Building CMake package in '/home/metheuser/ROS/Learning/ROS2/ros2_cpp_ws/src/my_cpp_pkg'
[3.142s] INFO:colcon.colcon_core.plugin_system:Skipping extension 'colcon_core.shell.bat': Not used on non-Windows systems
[3.143s] INFO:colcon.colcon_core.shell:Skip shell extension 'powershell' for command environment: Not usable outside of PowerShell
[3.143s] DEBUG:colcon.colcon_core.shell:Skip shell extension 'dsv' for command environment
[3.258s] DEBUG:colcon.colcon_core.event_handler.log_command:Invoking command in '/home/metheuser/ROS/Learning/ROS2/ros2_cpp_ws/build/my_cpp_pkg': CMAKE_PREFIX_PATH=/opt/ros/foxy /usr/bin/cmake /home/metheuser/ROS/Learning/ROS2/ros2_cpp_ws/src/my_cpp_pkg -DCMAKE_INSTALL_PREFIX=/home/metheuser/ROS/Learning/ROS2/ros2_cpp_ws/install/my_cpp_pkg
[15.953s] DEBUG:colcon.colcon_core.event_handler.log_command:Invoked command in '/home/metheuser/ROS/Learning/ROS2/ros2_cpp_ws/build/my_cpp_pkg' returned '0': CMAKE_PREFIX_PATH=/opt/ros/foxy /usr/bin/cmake /home/metheuser/ROS/Learning/ROS2/ros2_cpp_ws/src/my_cpp_pkg -DCMAKE_INSTALL_PREFIX=/home/metheuser/ROS/Learning/ROS2/ros2_cpp_ws/install/my_cpp_pkg
[15.972s] DEBUG:colcon.colcon_core.event_handler.log_command:Invoking command in '/home/metheuser/ROS/Learning/ROS2/ros2_cpp_ws/build/my_cpp_pkg': CMAKE_PREFIX_PATH=/opt/ros/foxy /usr/bin/cmake --build /home/metheuser/ROS/Learning/ROS2/ros2_cpp_ws/build/my_cpp_pkg -- -j2 -l2
[60.794s] DEBUG:colcon.colcon_core.event_handler.log_command:Invoked command in '/home/metheuser/ROS/Learning/ROS2/ros2_cpp_ws/build/my_cpp_pkg' returned '0': CMAKE_PREFIX_PATH=/opt/ros/foxy /usr/bin/cmake --build /home/metheuser/ROS/Learning/ROS2/ros2_cpp_ws/build/my_cpp_pkg -- -j2 -l2
[61.038s] DEBUG:colcon.colcon_core.event_handler.log_command:Invoking command in '/home/metheuser/ROS/Learning/ROS2/ros2_cpp_ws/build/my_cpp_pkg': CMAKE_PREFIX_PATH=/opt/ros/foxy /usr/bin/cmake --install /home/metheuser/ROS/Learning/ROS2/ros2_cpp_ws/build/my_cpp_pkg
[61.143s] Level 1:colcon.colcon_core.environment:create_environment_scripts_only(my_cpp_pkg)
[61.147s] DEBUG:colcon.colcon_core.event_handler.log_command:Invoked command in '/home/metheuser/ROS/Learning/ROS2/ros2_cpp_ws/build/my_cpp_pkg' returned '0': CMAKE_PREFIX_PATH=/opt/ros/foxy /usr/bin/cmake --install /home/metheuser/ROS/Learning/ROS2/ros2_cpp_ws/build/my_cpp_pkg
[61.176s] Level 1:colcon.colcon_core.environment:checking '/home/metheuser/ROS/Learning/ROS2/ros2_cpp_ws/install/my_cpp_pkg' for CMake module files
[61.180s] Level 1:colcon.colcon_core.environment:checking '/home/metheuser/ROS/Learning/ROS2/ros2_cpp_ws/install/my_cpp_pkg' for CMake config files
[61.181s] Level 1:colcon.colcon_core.shell:create_environment_hook('my_cpp_pkg', 'cmake_prefix_path')
[61.183s] INFO:colcon.colcon_core.shell:Creating environment hook '/home/metheuser/ROS/Learning/ROS2/ros2_cpp_ws/install/my_cpp_pkg/share/my_cpp_pkg/hook/cmake_prefix_path.ps1'
[61.188s] INFO:colcon.colcon_core.shell:Creating environment descriptor '/home/metheuser/ROS/Learning/ROS2/ros2_cpp_ws/install/my_cpp_pkg/share/my_cpp_pkg/hook/cmake_prefix_path.dsv'
[61.193s] INFO:colcon.colcon_core.shell:Creating environment hook '/home/metheuser/ROS/Learning/ROS2/ros2_cpp_ws/install/my_cpp_pkg/share/my_cpp_pkg/hook/cmake_prefix_path.sh'
[61.198s] Level 1:colcon.colcon_core.environment:checking '/home/metheuser/ROS/Learning/ROS2/ros2_cpp_ws/install/my_cpp_pkg/lib'
[61.199s] Level 1:colcon.colcon_core.environment:checking '/home/metheuser/ROS/Learning/ROS2/ros2_cpp_ws/install/my_cpp_pkg/bin'
[61.199s] Level 1:colcon.colcon_core.environment:checking '/home/metheuser/ROS/Learning/ROS2/ros2_cpp_ws/install/my_cpp_pkg/lib/pkgconfig/my_cpp_pkg.pc'
[61.201s] Level 1:colcon.colcon_core.environment:checking '/home/metheuser/ROS/Learning/ROS2/ros2_cpp_ws/install/my_cpp_pkg/lib/python3.8/site-packages'
[61.202s] Level 1:colcon.colcon_core.environment:checking '/home/metheuser/ROS/Learning/ROS2/ros2_cpp_ws/install/my_cpp_pkg/bin'
[61.204s] INFO:colcon.colcon_core.shell:Creating package script '/home/metheuser/ROS/Learning/ROS2/ros2_cpp_ws/install/my_cpp_pkg/share/my_cpp_pkg/package.ps1'
[61.211s] INFO:colcon.colcon_core.shell:Creating package descriptor '/home/metheuser/ROS/Learning/ROS2/ros2_cpp_ws/install/my_cpp_pkg/share/my_cpp_pkg/package.dsv'
[61.216s] INFO:colcon.colcon_core.shell:Creating package script '/home/metheuser/ROS/Learning/ROS2/ros2_cpp_ws/install/my_cpp_pkg/share/my_cpp_pkg/package.sh'
[61.221s] INFO:colcon.colcon_core.shell:Creating package script '/home/metheuser/ROS/Learning/ROS2/ros2_cpp_ws/install/my_cpp_pkg/share/my_cpp_pkg/package.bash'
[61.228s] INFO:colcon.colcon_core.shell:Creating package script '/home/metheuser/ROS/Learning/ROS2/ros2_cpp_ws/install/my_cpp_pkg/share/my_cpp_pkg/package.zsh'
[61.233s] Level 1:colcon.colcon_core.environment:create_file_with_runtime_dependencies(/home/metheuser/ROS/Learning/ROS2/ros2_cpp_ws/install/my_cpp_pkg/share/colcon-core/packages/my_cpp_pkg)
[61.423s] Level 1:colcon.colcon_core.environment:create_environment_scripts_only(my_cpp_pkg)
[61.425s] Level 1:colcon.colcon_core.environment:checking '/home/metheuser/ROS/Learning/ROS2/ros2_cpp_ws/install/my_cpp_pkg' for CMake module files
[61.433s] Level 1:colcon.colcon_core.environment:checking '/home/metheuser/ROS/Learning/ROS2/ros2_cpp_ws/install/my_cpp_pkg' for CMake config files
[61.437s] Level 1:colcon.colcon_core.shell:create_environment_hook('my_cpp_pkg', 'cmake_prefix_path')
[61.440s] INFO:colcon.colcon_core.shell:Creating environment hook '/home/metheuser/ROS/Learning/ROS2/ros2_cpp_ws/install/my_cpp_pkg/share/my_cpp_pkg/hook/cmake_prefix_path.ps1'
[61.443s] INFO:colcon.colcon_core.shell:Creating environment descriptor '/home/metheuser/ROS/Learning/ROS2/ros2_cpp_ws/install/my_cpp_pkg/share/my_cpp_pkg/hook/cmake_prefix_path.dsv'
[61.445s] INFO:colcon.colcon_core.shell:Creating environment hook '/home/metheuser/ROS/Learning/ROS2/ros2_cpp_ws/install/my_cpp_pkg/share/my_cpp_pkg/hook/cmake_prefix_path.sh'
[61.448s] Level 1:colcon.colcon_core.environment:checking '/home/metheuser/ROS/Learning/ROS2/ros2_cpp_ws/install/my_cpp_pkg/lib'
[61.448s] Level 1:colcon.colcon_core.environment:checking '/home/metheuser/ROS/Learning/ROS2/ros2_cpp_ws/install/my_cpp_pkg/bin'
[61.449s] Level 1:colcon.colcon_core.environment:checking '/home/metheuser/ROS/Learning/ROS2/ros2_cpp_ws/install/my_cpp_pkg/lib/pkgconfig/my_cpp_pkg.pc'
[61.450s] Level 1:colcon.colcon_core.environment:checking '/home/metheuser/ROS/Learning/ROS2/ros2_cpp_ws/install/my_cpp_pkg/lib/python3.8/site-packages'
[61.451s] Level 1:colcon.colcon_core.environment:checking '/home/metheuser/ROS/Learning/ROS2/ros2_cpp_ws/install/my_cpp_pkg/bin'
[61.453s] INFO:colcon.colcon_core.shell:Creating package script '/home/metheuser/ROS/Learning/ROS2/ros2_cpp_ws/install/my_cpp_pkg/share/my_cpp_pkg/package.ps1'
[61.456s] INFO:colcon.colcon_core.shell:Creating package descriptor '/home/metheuser/ROS/Learning/ROS2/ros2_cpp_ws/install/my_cpp_pkg/share/my_cpp_pkg/package.dsv'
[61.459s] INFO:colcon.colcon_core.shell:Creating package script '/home/metheuser/ROS/Learning/ROS2/ros2_cpp_ws/install/my_cpp_pkg/share/my_cpp_pkg/package.sh'
[61.462s] INFO:colcon.colcon_core.shell:Creating package script '/home/metheuser/ROS/Learning/ROS2/ros2_cpp_ws/install/my_cpp_pkg/share/my_cpp_pkg/package.bash'
[61.464s] INFO:colcon.colcon_core.shell:Creating package script '/home/metheuser/ROS/Learning/ROS2/ros2_cpp_ws/install/my_cpp_pkg/share/my_cpp_pkg/package.zsh'
[61.466s] Level 1:colcon.colcon_core.environment:create_file_with_runtime_dependencies(/home/metheuser/ROS/Learning/ROS2/ros2_cpp_ws/install/my_cpp_pkg/share/colcon-core/packages/my_cpp_pkg)
[61.468s] DEBUG:colcon.colcon_parallel_executor.executor.parallel:closing loop
[61.470s] DEBUG:colcon.colcon_parallel_executor.executor.parallel:loop closed
[61.470s] DEBUG:colcon.colcon_parallel_executor.executor.parallel:run_until_complete finished with '0'
[61.470s] DEBUG:colcon.colcon_core.event_reactor:joining thread
[61.528s] INFO:colcon.colcon_core.plugin_system:Skipping extension 'colcon_notification.desktop_notification.terminal_notifier': Not used on non-Darwin systems
[61.529s] INFO:colcon.colcon_core.plugin_system:Skipping extension 'colcon_notification.desktop_notification.win32': Not used on non-Windows systems
[61.529s] INFO:colcon.colcon_notification.desktop_notification:Sending desktop notification using 'notify2'
[61.688s] DEBUG:colcon.colcon_core.event_reactor:joined thread
[61.689s] INFO:colcon.colcon_core.shell:Creating prefix script '/home/metheuser/ROS/Learning/ROS2/ros2_cpp_ws/install/local_setup.ps1'
[61.697s] INFO:colcon.colcon_core.shell:Creating prefix util module '/home/metheuser/ROS/Learning/ROS2/ros2_cpp_ws/install/_local_setup_util_ps1.py'
[61.710s] INFO:colcon.colcon_core.shell:Creating prefix chain script '/home/metheuser/ROS/Learning/ROS2/ros2_cpp_ws/install/setup.ps1'
[61.715s] INFO:colcon.colcon_core.shell:Creating prefix script '/home/metheuser/ROS/Learning/ROS2/ros2_cpp_ws/install/local_setup.sh'
[61.721s] INFO:colcon.colcon_core.shell:Creating prefix util module '/home/metheuser/ROS/Learning/ROS2/ros2_cpp_ws/install/_local_setup_util_sh.py'
[61.723s] INFO:colcon.colcon_core.shell:Creating prefix chain script '/home/metheuser/ROS/Learning/ROS2/ros2_cpp_ws/install/setup.sh'
[61.730s] INFO:colcon.colcon_core.shell:Creating prefix script '/home/metheuser/ROS/Learning/ROS2/ros2_cpp_ws/install/local_setup.bash'
[61.748s] INFO:colcon.colcon_core.shell:Creating prefix chain script '/home/metheuser/ROS/Learning/ROS2/ros2_cpp_ws/install/setup.bash'
[61.753s] INFO:colcon.colcon_core.shell:Creating prefix script '/home/metheuser/ROS/Learning/ROS2/ros2_cpp_ws/install/local_setup.zsh'
[61.757s] INFO:colcon.colcon_core.shell:Creating prefix chain script '/home/metheuser/ROS/Learning/ROS2/ros2_cpp_ws/install/setup.zsh'
