-- Found ament_cmake: 0.9.12 (/opt/ros/foxy/share/ament_cmake/cmake)
-- Using PYTHON_EXECUTABLE: /usr/bin/python3
-- Found rclcpp: 2.4.3 (/opt/ros/foxy/share/rclcpp/cmake)
-- Using all available rosidl_typesupport_c: rosidl_typesupport_fastrtps_c;rosidl_typesupport_introspection_c
-- Found rosidl_adapter: 1.3.1 (/opt/ros/foxy/share/rosidl_adapter/cmake)
-- Using all available rosidl_typesupport_cpp: rosidl_typesupport_fastrtps_cpp;rosidl_typesupport_introspection_cpp
-- Found rmw_implementation_cmake: 1.0.4 (/opt/ros/foxy/share/rmw_implementation_cmake/cmake)
-- Using RMW implementation 'rmw_fastrtps_cpp' as default
-- Found turtlesim: 1.2.6 (/opt/ros/foxy/share/turtlesim/cmake)
-- Found ament_lint_auto: 0.9.8 (/opt/ros/foxy/share/ament_lint_auto/cmake)
-- Added test 'copyright' to check source files copyright and LICENSE
-- Added test 'cppcheck' to perform static code analysis on C / C++ code
-- Configured cppcheck include dirs: 
-- Configured cppcheck exclude dirs and/or files: 
-- Added test 'cpplint' to check C / C++ code against the Google style
-- Configured cpplint exclude dirs and/or files: 
-- Added test 'lint_cmake' to check CMake code style
-- Added test 'uncrustify' to check C / C++ code style
-- Configured uncrustify additional arguments: 
-- Added test 'xmllint' to check XML markup files
-- Configuring done
-- Generating done
-- Build files have been written to: /home/metheuser/ROS/Learning/ROS2/cpp_ws/build/cpp_service
[35m[1mScanning dependencies of target cpp_ser_polar[0m
[35m[1mScanning dependencies of target cpp_cli_polar[0m
[ 25%] [32mBuilding CXX object CMakeFiles/cpp_ser_polar.dir/src/cpp_ser_polar.cpp.o[0m
[ 50%] [32mBuilding CXX object CMakeFiles/cpp_cli_polar.dir/src/cpp_cli_polar.cpp.o[0m
[ 75%] [32m[1mLinking CXX executable cpp_ser_polar[0m
[ 75%] Built target cpp_ser_polar
[100%] [32m[1mLinking CXX executable cpp_cli_polar[0m
[100%] Built target cpp_cli_polar
-- Install configuration: ""
-- Installing: /home/metheuser/ROS/Learning/ROS2/cpp_ws/install/cpp_service/lib/cpp_service/cpp_ser_polar
-- Set runtime path of "/home/metheuser/ROS/Learning/ROS2/cpp_ws/install/cpp_service/lib/cpp_service/cpp_ser_polar" to ""
-- Installing: /home/metheuser/ROS/Learning/ROS2/cpp_ws/install/cpp_service/lib/cpp_service/cpp_cli_polar
-- Set runtime path of "/home/metheuser/ROS/Learning/ROS2/cpp_ws/install/cpp_service/lib/cpp_service/cpp_cli_polar" to ""
-- Installing: /home/metheuser/ROS/Learning/ROS2/cpp_ws/install/cpp_service/share/ament_index/resource_index/package_run_dependencies/cpp_service
-- Installing: /home/metheuser/ROS/Learning/ROS2/cpp_ws/install/cpp_service/share/ament_index/resource_index/parent_prefix_path/cpp_service
-- Installing: /home/metheuser/ROS/Learning/ROS2/cpp_ws/install/cpp_service/share/cpp_service/environment/ament_prefix_path.sh
-- Installing: /home/metheuser/ROS/Learning/ROS2/cpp_ws/install/cpp_service/share/cpp_service/environment/ament_prefix_path.dsv
-- Installing: /home/metheuser/ROS/Learning/ROS2/cpp_ws/install/cpp_service/share/cpp_service/environment/path.sh
-- Installing: /home/metheuser/ROS/Learning/ROS2/cpp_ws/install/cpp_service/share/cpp_service/environment/path.dsv
-- Installing: /home/metheuser/ROS/Learning/ROS2/cpp_ws/install/cpp_service/share/cpp_service/local_setup.bash
-- Installing: /home/metheuser/ROS/Learning/ROS2/cpp_ws/install/cpp_service/share/cpp_service/local_setup.sh
-- Installing: /home/metheuser/ROS/Learning/ROS2/cpp_ws/install/cpp_service/share/cpp_service/local_setup.zsh
-- Installing: /home/metheuser/ROS/Learning/ROS2/cpp_ws/install/cpp_service/share/cpp_service/local_setup.dsv
-- Installing: /home/metheuser/ROS/Learning/ROS2/cpp_ws/install/cpp_service/share/cpp_service/package.dsv
-- Installing: /home/metheuser/ROS/Learning/ROS2/cpp_ws/install/cpp_service/share/ament_index/resource_index/packages/cpp_service
-- Installing: /home/metheuser/ROS/Learning/ROS2/cpp_ws/install/cpp_service/share/cpp_service/cmake/cpp_serviceConfig.cmake
-- Installing: /home/metheuser/ROS/Learning/ROS2/cpp_ws/install/cpp_service/share/cpp_service/cmake/cpp_serviceConfig-version.cmake
-- Installing: /home/metheuser/ROS/Learning/ROS2/cpp_ws/install/cpp_service/share/cpp_service/package.xml
