[0.969s] DEBUG:colcon:Command line arguments: ['/usr/bin/colcon', 'build']
[0.969s] DEBUG:colcon:Parsed command line arguments: Namespace(allow_overriding=[], ament_cmake_args=None, base_paths=['.'], build_base='build', catkin_cmake_args=None, catkin_skip_building_tests=False, cmake_args=None, cmake_clean_cache=False, cmake_clean_first=False, cmake_force_configure=False, cmake_target=None, cmake_target_skip_unavailable=False, continue_on_error=False, event_handlers=None, executor='parallel', ignore_user_meta=False, install_base='install', log_base=None, log_level=None, main=<bound method BuildVerb.main of <colcon_core.verb.build.BuildVerb object at 0x7f4a9213ed30>>, merge_install=False, metas=['./colcon.meta'], mixin=None, mixin_files=None, mixin_verb=('build',), packages_above=None, packages_above_and_dependencies=None, packages_above_depth=None, packages_end=None, packages_ignore=None, packages_ignore_regex=None, packages_select=None, packages_select_build_failed=False, packages_select_by_dep=None, packages_select_regex=None, packages_select_test_failures=False, packages_skip=None, packages_skip_build_finished=False, packages_skip_by_dep=None, packages_skip_regex=None, packages_skip_test_passed=False, packages_skip_up_to=None, packages_start=None, packages_up_to=None, packages_up_to_regex=None, parallel_workers=2, paths=None, symlink_install=False, test_result_base=None, verb_extension=<colcon_core.verb.build.BuildVerb object at 0x7f4a9213ed30>, verb_name='build', verb_parser=<colcon_mixin.mixin.mixin_argument.MixinArgumentDecorator object at 0x7f4a92119550>)
[1.714s] Level 1:colcon.colcon_core.package_discovery:discover_packages(colcon_meta) check parameters
[1.715s] Level 1:colcon.colcon_core.package_discovery:discover_packages(recursive) check parameters
[1.715s] Level 1:colcon.colcon_core.package_discovery:discover_packages(ignore) check parameters
[1.715s] Level 1:colcon.colcon_core.package_discovery:discover_packages(path) check parameters
[1.715s] Level 1:colcon.colcon_core.package_discovery:discover_packages(colcon_meta) discover
[1.716s] Level 1:colcon.colcon_core.package_discovery:discover_packages(recursive) discover
[1.716s] INFO:colcon.colcon_core.package_discovery:Crawling recursively for packages in '/home/metheuser/ROS/Learning/ROS2/cpp_ws'
[1.716s] Level 1:colcon.colcon_core.package_identification:_identify(.) by extensions ['ignore', 'ignore_ament_install']
[1.717s] Level 1:colcon.colcon_core.package_identification:_identify(.) by extension 'ignore'
[1.717s] Level 1:colcon.colcon_core.package_identification:_identify(.) by extension 'ignore_ament_install'
[1.718s] Level 1:colcon.colcon_core.package_identification:_identify(.) by extensions ['colcon_pkg']
[1.718s] Level 1:colcon.colcon_core.package_identification:_identify(.) by extension 'colcon_pkg'
[1.718s] Level 1:colcon.colcon_core.package_identification:_identify(.) by extensions ['colcon_meta']
[1.718s] Level 1:colcon.colcon_core.package_identification:_identify(.) by extension 'colcon_meta'
[1.719s] Level 1:colcon.colcon_core.package_identification:_identify(.) by extensions ['ros']
[1.719s] Level 1:colcon.colcon_core.package_identification:_identify(.) by extension 'ros'
[1.788s] Level 1:colcon.colcon_core.package_identification:_identify(.) by extensions ['cmake', 'python']
[1.789s] Level 1:colcon.colcon_core.package_identification:_identify(.) by extension 'cmake'
[1.789s] Level 1:colcon.colcon_core.package_identification:_identify(.) by extension 'python'
[1.789s] Level 1:colcon.colcon_core.package_identification:_identify(.) by extensions ['python_setup_py']
[1.790s] Level 1:colcon.colcon_core.package_identification:_identify(.) by extension 'python_setup_py'
[1.790s] Level 1:colcon.colcon_core.package_identification:_identify(build) by extensions ['ignore', 'ignore_ament_install']
[1.791s] Level 1:colcon.colcon_core.package_identification:_identify(build) by extension 'ignore'
[1.791s] Level 1:colcon.colcon_core.package_identification:_identify(build) ignored
[1.792s] Level 1:colcon.colcon_core.package_identification:_identify(install) by extensions ['ignore', 'ignore_ament_install']
[1.792s] Level 1:colcon.colcon_core.package_identification:_identify(install) by extension 'ignore'
[1.792s] Level 1:colcon.colcon_core.package_identification:_identify(install) ignored
[1.793s] Level 1:colcon.colcon_core.package_identification:_identify(log) by extensions ['ignore', 'ignore_ament_install']
[1.793s] Level 1:colcon.colcon_core.package_identification:_identify(log) by extension 'ignore'
[1.794s] Level 1:colcon.colcon_core.package_identification:_identify(log) ignored
[1.794s] Level 1:colcon.colcon_core.package_identification:_identify(src) by extensions ['ignore', 'ignore_ament_install']
[1.795s] Level 1:colcon.colcon_core.package_identification:_identify(src) by extension 'ignore'
[1.795s] Level 1:colcon.colcon_core.package_identification:_identify(src) by extension 'ignore_ament_install'
[1.795s] Level 1:colcon.colcon_core.package_identification:_identify(src) by extensions ['colcon_pkg']
[1.796s] Level 1:colcon.colcon_core.package_identification:_identify(src) by extension 'colcon_pkg'
[1.796s] Level 1:colcon.colcon_core.package_identification:_identify(src) by extensions ['colcon_meta']
[1.796s] Level 1:colcon.colcon_core.package_identification:_identify(src) by extension 'colcon_meta'
[1.796s] Level 1:colcon.colcon_core.package_identification:_identify(src) by extensions ['ros']
[1.796s] Level 1:colcon.colcon_core.package_identification:_identify(src) by extension 'ros'
[1.797s] Level 1:colcon.colcon_core.package_identification:_identify(src) by extensions ['cmake', 'python']
[1.797s] Level 1:colcon.colcon_core.package_identification:_identify(src) by extension 'cmake'
[1.797s] Level 1:colcon.colcon_core.package_identification:_identify(src) by extension 'python'
[1.797s] Level 1:colcon.colcon_core.package_identification:_identify(src) by extensions ['python_setup_py']
[1.797s] Level 1:colcon.colcon_core.package_identification:_identify(src) by extension 'python_setup_py'
[1.797s] Level 1:colcon.colcon_core.package_identification:_identify(src/cpp_service) by extensions ['ignore', 'ignore_ament_install']
[1.798s] Level 1:colcon.colcon_core.package_identification:_identify(src/cpp_service) by extension 'ignore'
[1.798s] Level 1:colcon.colcon_core.package_identification:_identify(src/cpp_service) by extension 'ignore_ament_install'
[1.798s] Level 1:colcon.colcon_core.package_identification:_identify(src/cpp_service) by extensions ['colcon_pkg']
[1.798s] Level 1:colcon.colcon_core.package_identification:_identify(src/cpp_service) by extension 'colcon_pkg'
[1.799s] Level 1:colcon.colcon_core.package_identification:_identify(src/cpp_service) by extensions ['colcon_meta']
[1.799s] Level 1:colcon.colcon_core.package_identification:_identify(src/cpp_service) by extension 'colcon_meta'
[1.800s] Level 1:colcon.colcon_core.package_identification:_identify(src/cpp_service) by extensions ['ros']
[1.800s] Level 1:colcon.colcon_core.package_identification:_identify(src/cpp_service) by extension 'ros'
[1.810s] DEBUG:colcon.colcon_core.package_identification:Package 'src/cpp_service' with type 'ros.ament_cmake' and name 'cpp_service'
[1.810s] Level 1:colcon.colcon_core.package_discovery:discover_packages(recursive) using defaults
[1.810s] Level 1:colcon.colcon_core.package_discovery:discover_packages(ignore) discover
[1.810s] Level 1:colcon.colcon_core.package_discovery:discover_packages(ignore) using defaults
[1.810s] Level 1:colcon.colcon_core.package_discovery:discover_packages(path) discover
[1.811s] Level 1:colcon.colcon_core.package_discovery:discover_packages(path) using defaults
[1.884s] Level 1:colcon.colcon_core.package_discovery:discover_packages(prefix_path) check parameters
[1.884s] Level 1:colcon.colcon_core.package_discovery:discover_packages(prefix_path) discover
[1.895s] DEBUG:colcon.colcon_installed_package_information.package_discovery:Found 263 installed packages in /opt/ros/foxy
[1.904s] Level 1:colcon.colcon_core.package_discovery:discover_packages(prefix_path) using defaults
[2.256s] Level 5:colcon.colcon_core.verb:set package 'cpp_service' build argument 'cmake_args' from command line to 'None'
[2.257s] Level 5:colcon.colcon_core.verb:set package 'cpp_service' build argument 'cmake_target' from command line to 'None'
[2.257s] Level 5:colcon.colcon_core.verb:set package 'cpp_service' build argument 'cmake_target_skip_unavailable' from command line to 'False'
[2.257s] Level 5:colcon.colcon_core.verb:set package 'cpp_service' build argument 'cmake_clean_cache' from command line to 'False'
[2.257s] Level 5:colcon.colcon_core.verb:set package 'cpp_service' build argument 'cmake_clean_first' from command line to 'False'
[2.257s] Level 5:colcon.colcon_core.verb:set package 'cpp_service' build argument 'cmake_force_configure' from command line to 'False'
[2.257s] Level 5:colcon.colcon_core.verb:set package 'cpp_service' build argument 'ament_cmake_args' from command line to 'None'
[2.257s] Level 5:colcon.colcon_core.verb:set package 'cpp_service' build argument 'catkin_cmake_args' from command line to 'None'
[2.257s] Level 5:colcon.colcon_core.verb:set package 'cpp_service' build argument 'catkin_skip_building_tests' from command line to 'False'
[2.258s] DEBUG:colcon.colcon_core.verb:Building package 'cpp_service' with the following arguments: {'ament_cmake_args': None, 'build_base': '/home/metheuser/ROS/Learning/ROS2/cpp_ws/build/cpp_service', 'catkin_cmake_args': None, 'catkin_skip_building_tests': False, 'cmake_args': None, 'cmake_clean_cache': False, 'cmake_clean_first': False, 'cmake_force_configure': False, 'cmake_target': None, 'cmake_target_skip_unavailable': False, 'install_base': '/home/metheuser/ROS/Learning/ROS2/cpp_ws/install/cpp_service', 'merge_install': False, 'path': '/home/metheuser/ROS/Learning/ROS2/cpp_ws/src/cpp_service', 'symlink_install': False, 'test_result_base': None}
[2.258s] INFO:colcon.colcon_core.executor:Executing jobs using 'parallel' executor
[2.261s] DEBUG:colcon.colcon_parallel_executor.executor.parallel:run_until_complete
[2.262s] INFO:colcon.colcon_ros.task.ament_cmake.build:Building ROS package in '/home/metheuser/ROS/Learning/ROS2/cpp_ws/src/cpp_service' with build type 'ament_cmake'
[2.262s] INFO:colcon.colcon_cmake.task.cmake.build:Building CMake package in '/home/metheuser/ROS/Learning/ROS2/cpp_ws/src/cpp_service'
[2.270s] INFO:colcon.colcon_core.plugin_system:Skipping extension 'colcon_core.shell.bat': Not used on non-Windows systems
[2.270s] INFO:colcon.colcon_core.shell:Skip shell extension 'powershell' for command environment: Not usable outside of PowerShell
[2.270s] DEBUG:colcon.colcon_core.shell:Skip shell extension 'dsv' for command environment
[2.340s] DEBUG:colcon.colcon_core.event_handler.log_command:Invoking command in '/home/metheuser/ROS/Learning/ROS2/cpp_ws/build/cpp_service': CMAKE_PREFIX_PATH=/opt/ros/foxy /usr/bin/cmake /home/metheuser/ROS/Learning/ROS2/cpp_ws/src/cpp_service -DCMAKE_INSTALL_PREFIX=/home/metheuser/ROS/Learning/ROS2/cpp_ws/install/cpp_service
[13.330s] DEBUG:colcon.colcon_core.event_handler.log_command:Invoked command in '/home/metheuser/ROS/Learning/ROS2/cpp_ws/build/cpp_service' returned '1': CMAKE_PREFIX_PATH=/opt/ros/foxy /usr/bin/cmake /home/metheuser/ROS/Learning/ROS2/cpp_ws/src/cpp_service -DCMAKE_INSTALL_PREFIX=/home/metheuser/ROS/Learning/ROS2/cpp_ws/install/cpp_service
[13.412s] Level 1:colcon.colcon_core.environment:create_environment_scripts_only(cpp_service)
[13.430s] Level 1:colcon.colcon_core.environment:checking '/home/metheuser/ROS/Learning/ROS2/cpp_ws/install/cpp_service' for CMake module files
[13.432s] Level 1:colcon.colcon_core.environment:checking '/home/metheuser/ROS/Learning/ROS2/cpp_ws/install/cpp_service' for CMake config files
[13.433s] Level 1:colcon.colcon_core.environment:checking '/home/metheuser/ROS/Learning/ROS2/cpp_ws/install/cpp_service/bin'
[13.433s] Level 1:colcon.colcon_core.environment:checking '/home/metheuser/ROS/Learning/ROS2/cpp_ws/install/cpp_service/lib/pkgconfig/cpp_service.pc'
[13.434s] Level 1:colcon.colcon_core.environment:checking '/home/metheuser/ROS/Learning/ROS2/cpp_ws/install/cpp_service/lib/python3.8/site-packages'
[13.435s] Level 1:colcon.colcon_core.environment:checking '/home/metheuser/ROS/Learning/ROS2/cpp_ws/install/cpp_service/bin'
[13.436s] INFO:colcon.colcon_core.shell:Creating package script '/home/metheuser/ROS/Learning/ROS2/cpp_ws/install/cpp_service/share/cpp_service/package.ps1'
[13.440s] INFO:colcon.colcon_core.shell:Creating package descriptor '/home/metheuser/ROS/Learning/ROS2/cpp_ws/install/cpp_service/share/cpp_service/package.dsv'
[13.443s] INFO:colcon.colcon_core.shell:Creating package script '/home/metheuser/ROS/Learning/ROS2/cpp_ws/install/cpp_service/share/cpp_service/package.sh'
[13.445s] INFO:colcon.colcon_core.shell:Creating package script '/home/metheuser/ROS/Learning/ROS2/cpp_ws/install/cpp_service/share/cpp_service/package.bash'
[13.448s] INFO:colcon.colcon_core.shell:Creating package script '/home/metheuser/ROS/Learning/ROS2/cpp_ws/install/cpp_service/share/cpp_service/package.zsh'
[13.450s] Level 1:colcon.colcon_core.environment:create_file_with_runtime_dependencies(/home/metheuser/ROS/Learning/ROS2/cpp_ws/install/cpp_service/share/colcon-core/packages/cpp_service)
[13.463s] DEBUG:colcon.colcon_parallel_executor.executor.parallel:closing loop
[13.464s] DEBUG:colcon.colcon_parallel_executor.executor.parallel:loop closed
[13.464s] DEBUG:colcon.colcon_parallel_executor.executor.parallel:run_until_complete finished with '1'
[13.464s] DEBUG:colcon.colcon_core.event_reactor:joining thread
[13.497s] INFO:colcon.colcon_core.plugin_system:Skipping extension 'colcon_notification.desktop_notification.terminal_notifier': Not used on non-Darwin systems
[13.498s] INFO:colcon.colcon_core.plugin_system:Skipping extension 'colcon_notification.desktop_notification.win32': Not used on non-Windows systems
[13.498s] INFO:colcon.colcon_notification.desktop_notification:Sending desktop notification using 'notify2'
[13.572s] DEBUG:colcon.colcon_core.event_reactor:joined thread
[13.573s] INFO:colcon.colcon_core.shell:Creating prefix script '/home/metheuser/ROS/Learning/ROS2/cpp_ws/install/local_setup.ps1'
[13.577s] INFO:colcon.colcon_core.shell:Creating prefix util module '/home/metheuser/ROS/Learning/ROS2/cpp_ws/install/_local_setup_util_ps1.py'
[13.584s] INFO:colcon.colcon_core.shell:Creating prefix chain script '/home/metheuser/ROS/Learning/ROS2/cpp_ws/install/setup.ps1'
[13.588s] INFO:colcon.colcon_core.shell:Creating prefix script '/home/metheuser/ROS/Learning/ROS2/cpp_ws/install/local_setup.sh'
[13.590s] INFO:colcon.colcon_core.shell:Creating prefix util module '/home/metheuser/ROS/Learning/ROS2/cpp_ws/install/_local_setup_util_sh.py'
[13.592s] INFO:colcon.colcon_core.shell:Creating prefix chain script '/home/metheuser/ROS/Learning/ROS2/cpp_ws/install/setup.sh'
[13.596s] INFO:colcon.colcon_core.shell:Creating prefix script '/home/metheuser/ROS/Learning/ROS2/cpp_ws/install/local_setup.bash'
[13.599s] INFO:colcon.colcon_core.shell:Creating prefix chain script '/home/metheuser/ROS/Learning/ROS2/cpp_ws/install/setup.bash'
[13.604s] INFO:colcon.colcon_core.shell:Creating prefix script '/home/metheuser/ROS/Learning/ROS2/cpp_ws/install/local_setup.zsh'
[13.609s] INFO:colcon.colcon_core.shell:Creating prefix chain script '/home/metheuser/ROS/Learning/ROS2/cpp_ws/install/setup.zsh'
